[2023-05-21 03:14:11,365] start training!
[2023-05-21 03:14:15,320] Epoch    1/  20, Step     1/   45, Loss = 0.24450186, PSNR = 6.11717835
[2023-05-21 03:14:15,877] Epoch    1/  20, Step     2/   45, Loss = 0.32359639, PSNR = 4.89996335
[2023-05-21 03:14:16,472] Epoch    1/  20, Step     3/   45, Loss = 0.28072098, PSNR = 5.51725130
[2023-05-21 03:14:17,040] Epoch    1/  20, Step     4/   45, Loss = 0.26533014, PSNR = 5.76213421
[2023-05-21 03:14:17,610] Epoch    1/  20, Step     5/   45, Loss = 0.21925339, PSNR = 6.59053681
[2023-05-21 03:14:18,200] Epoch    1/  20, Step     6/   45, Loss = 0.30980155, PSNR = 5.08916416
[2023-05-21 03:14:18,785] Epoch    1/  20, Step     7/   45, Loss = 0.27642348, PSNR = 5.58425063
[2023-05-21 03:14:19,351] Epoch    1/  20, Step     8/   45, Loss = 0.22586380, PSNR = 6.46153370
[2023-05-21 03:14:19,933] Epoch    1/  20, Step     9/   45, Loss = 0.20371772, PSNR = 6.90971186
[2023-05-21 03:14:20,488] Epoch    1/  20, Step    10/   45, Loss = 0.25630003, PSNR = 5.91251339
[2023-05-21 03:14:21,049] Epoch    1/  20, Step    11/   45, Loss = 0.19949526, PSNR = 7.00067427
[2023-05-21 03:14:21,630] Epoch    1/  20, Step    12/   45, Loss = 0.18089893, PSNR = 7.42563991
[2023-05-21 03:14:22,198] Epoch    1/  20, Step    13/   45, Loss = 0.13373920, PSNR = 8.73741269
[2023-05-21 03:14:22,765] Epoch    1/  20, Step    14/   45, Loss = 0.18754949, PSNR = 7.26884120
[2023-05-21 03:14:23,376] Epoch    1/  20, Step    15/   45, Loss = 0.25061807, PSNR = 6.00987618
[2023-05-21 03:14:23,934] Epoch    1/  20, Step    16/   45, Loss = 0.16085503, PSNR = 7.93565367
[2023-05-21 03:14:24,514] Epoch    1/  20, Step    17/   45, Loss = 0.18598932, PSNR = 7.30511993
[2023-05-21 03:14:25,086] Epoch    1/  20, Step    18/   45, Loss = 0.13911283, PSNR = 8.56632814
[2023-05-21 03:14:25,645] Epoch    1/  20, Step    19/   45, Loss = 0.14991510, PSNR = 8.24154624
[2023-05-21 03:14:26,199] Epoch    1/  20, Step    20/   45, Loss = 0.17743546, PSNR = 7.50959589
[2023-05-21 03:14:26,777] Epoch    1/  20, Step    21/   45, Loss = 0.08668386, PSNR = 10.62061748
[2023-05-21 03:14:27,336] Epoch    1/  20, Step    22/   45, Loss = 0.12650795, PSNR = 8.97882172
[2023-05-21 03:14:27,932] Epoch    1/  20, Step    23/   45, Loss = 0.13427910, PSNR = 8.71991572
[2023-05-21 03:14:28,486] Epoch    1/  20, Step    24/   45, Loss = 0.14984064, PSNR = 8.24370386
[2023-05-21 03:14:29,043] Epoch    1/  20, Step    25/   45, Loss = 0.06096735, PSNR = 12.14902666
[2023-05-21 03:14:29,600] Epoch    1/  20, Step    26/   45, Loss = 0.09511836, PSNR = 10.21735652
[2023-05-21 03:14:30,169] Epoch    1/  20, Step    27/   45, Loss = 0.06613260, PSNR = 11.79584418
[2023-05-21 03:14:30,791] Epoch    1/  20, Step    28/   45, Loss = 0.10948171, PSNR = 9.60658409
[2023-05-21 03:14:31,381] Epoch    1/  20, Step    29/   45, Loss = 0.09792905, PSNR = 10.09088445
[2023-05-21 03:14:31,939] Epoch    1/  20, Step    30/   45, Loss = 0.07495426, PSNR = 11.25203700
[2023-05-21 03:14:32,507] Epoch    1/  20, Step    31/   45, Loss = 0.05304898, PSNR = 12.75322997
[2023-05-21 03:14:33,066] Epoch    1/  20, Step    32/   45, Loss = 0.06095278, PSNR = 12.15006516
[2023-05-21 03:14:33,626] Epoch    1/  20, Step    33/   45, Loss = 0.03679888, PSNR = 14.34165405
[2023-05-21 03:14:34,227] Epoch    1/  20, Step    34/   45, Loss = 0.05694980, PSNR = 12.44507812
[2023-05-21 03:14:34,805] Epoch    1/  20, Step    35/   45, Loss = 0.05801100, PSNR = 12.36489627
[2023-05-21 03:14:35,387] Epoch    1/  20, Step    36/   45, Loss = 0.07789953, PSNR = 11.08465160
[2023-05-21 03:14:35,948] Epoch    1/  20, Step    37/   45, Loss = 0.05043122, PSNR = 12.97300543
[2023-05-21 03:14:36,502] Epoch    1/  20, Step    38/   45, Loss = 0.07173783, PSNR = 11.44251744
[2023-05-21 03:14:37,055] Epoch    1/  20, Step    39/   45, Loss = 0.06293583, PSNR = 12.01102042
[2023-05-21 03:14:37,642] Epoch    1/  20, Step    40/   45, Loss = 0.04365044, PSNR = 13.60011366
[2023-05-21 03:14:38,240] Epoch    1/  20, Step    41/   45, Loss = 0.07432009, PSNR = 11.28893800
[2023-05-21 03:14:38,797] Epoch    1/  20, Step    42/   45, Loss = 0.03815053, PSNR = 14.18499463
[2023-05-21 03:14:39,350] Epoch    1/  20, Step    43/   45, Loss = 0.03992678, PSNR = 13.98735689
[2023-05-21 03:14:39,903] Epoch    1/  20, Step    44/   45, Loss = 0.06410522, PSNR = 11.93106604
[2023-05-21 03:14:40,458] Epoch    1/  20, Step    45/   45, Loss = 0.06053386, PSNR = 12.18001667
[2023-05-21 03:14:40,574] torch.cuda.memory_allocated: 0.155192GB
[2023-05-21 03:14:40,579] torch.cuda.memory_cached: 10.451172GB
[2023-05-21 03:14:40,581] AVG Epoch Loss = 0.13827701, AVG Epoch PSNR = 9.45018493
[2023-05-21 03:14:40,810] epoch1 saved!
[2023-05-21 03:14:43,250] Epoch    2/  20, Step     1/   45, Loss = 0.03954363, PSNR = 14.02923480
[2023-05-21 03:14:43,803] Epoch    2/  20, Step     2/   45, Loss = 0.05756993, PSNR = 12.39804282
[2023-05-21 03:14:44,403] Epoch    2/  20, Step     3/   45, Loss = 0.04186829, PSNR = 13.78114796
[2023-05-21 03:14:45,011] Epoch    2/  20, Step     4/   45, Loss = 0.05333637, PSNR = 12.72976569
[2023-05-21 03:14:45,591] Epoch    2/  20, Step     5/   45, Loss = 0.04078079, PSNR = 13.89544324
[2023-05-21 03:14:46,165] Epoch    2/  20, Step     6/   45, Loss = 0.06948141, PSNR = 11.58131376
[2023-05-21 03:14:46,745] Epoch    2/  20, Step     7/   45, Loss = 0.05229250, PSNR = 12.81560628
[2023-05-21 03:14:47,297] Epoch    2/  20, Step     8/   45, Loss = 0.05380025, PSNR = 12.69215695
[2023-05-21 03:14:47,861] Epoch    2/  20, Step     9/   45, Loss = 0.04807599, PSNR = 13.18071808
[2023-05-21 03:14:48,430] Epoch    2/  20, Step    10/   45, Loss = 0.05369324, PSNR = 12.70080370
[2023-05-21 03:14:49,008] Epoch    2/  20, Step    11/   45, Loss = 0.04938981, PSNR = 13.06362650
[2023-05-21 03:14:49,569] Epoch    2/  20, Step    12/   45, Loss = 0.05432441, PSNR = 12.65004975
[2023-05-21 03:14:50,137] Epoch    2/  20, Step    13/   45, Loss = 0.04791011, PSNR = 13.19572806
[2023-05-21 03:14:50,705] Epoch    2/  20, Step    14/   45, Loss = 0.05906087, PSNR = 12.28700176
[2023-05-21 03:14:51,353] Epoch    2/  20, Step    15/   45, Loss = 0.05749343, PSNR = 12.40381784
[2023-05-21 03:14:51,929] Epoch    2/  20, Step    16/   45, Loss = 0.03467260, PSNR = 14.60013646
[2023-05-21 03:14:52,499] Epoch    2/  20, Step    17/   45, Loss = 0.05609760, PSNR = 12.51055714
[2023-05-21 03:14:53,063] Epoch    2/  20, Step    18/   45, Loss = 0.03704816, PSNR = 14.31233301
[2023-05-21 03:14:53,627] Epoch    2/  20, Step    19/   45, Loss = 0.04216076, PSNR = 13.75091601
[2023-05-21 03:14:54,224] Epoch    2/  20, Step    20/   45, Loss = 0.05078606, PSNR = 12.94255516
[2023-05-21 03:14:54,841] Epoch    2/  20, Step    21/   45, Loss = 0.03432028, PSNR = 14.64449178
[2023-05-21 03:14:55,416] Epoch    2/  20, Step    22/   45, Loss = 0.03488811, PSNR = 14.57322498
[2023-05-21 03:14:55,972] Epoch    2/  20, Step    23/   45, Loss = 0.04154978, PSNR = 13.81431238
[2023-05-21 03:14:56,543] Epoch    2/  20, Step    24/   45, Loss = 0.05724413, PSNR = 12.42269073
[2023-05-21 03:14:57,099] Epoch    2/  20, Step    25/   45, Loss = 0.04487813, PSNR = 13.47965222
[2023-05-21 03:14:57,686] Epoch    2/  20, Step    26/   45, Loss = 0.04314382, PSNR = 13.65081367
[2023-05-21 03:14:58,240] Epoch    2/  20, Step    27/   45, Loss = 0.03177121, PSNR = 14.97966257
[2023-05-21 03:14:58,842] Epoch    2/  20, Step    28/   45, Loss = 0.04458556, PSNR = 13.50805815
[2023-05-21 03:14:59,428] Epoch    2/  20, Step    29/   45, Loss = 0.04173153, PSNR = 13.79535704
[2023-05-21 03:14:59,990] Epoch    2/  20, Step    30/   45, Loss = 0.04905612, PSNR = 13.09306803
[2023-05-21 03:15:00,545] Epoch    2/  20, Step    31/   45, Loss = 0.03580377, PSNR = 14.46071301
[2023-05-21 03:15:01,136] Epoch    2/  20, Step    32/   45, Loss = 0.03166470, PSNR = 14.99424683
[2023-05-21 03:15:01,692] Epoch    2/  20, Step    33/   45, Loss = 0.02048067, PSNR = 16.88655760
[2023-05-21 03:15:02,262] Epoch    2/  20, Step    34/   45, Loss = 0.03215782, PSNR = 14.92713354
[2023-05-21 03:15:02,838] Epoch    2/  20, Step    35/   45, Loss = 0.03227194, PSNR = 14.91174973
[2023-05-21 03:15:03,438] Epoch    2/  20, Step    36/   45, Loss = 0.05358360, PSNR = 12.70968115
[2023-05-21 03:15:04,055] Epoch    2/  20, Step    37/   45, Loss = 0.03025213, PSNR = 15.19244112
[2023-05-21 03:15:04,617] Epoch    2/  20, Step    38/   45, Loss = 0.03828363, PSNR = 14.16986918
[2023-05-21 03:15:05,169] Epoch    2/  20, Step    39/   45, Loss = 0.03888471, PSNR = 14.10221171
[2023-05-21 03:15:05,722] Epoch    2/  20, Step    40/   45, Loss = 0.02429902, PSNR = 16.14411242
[2023-05-21 03:15:06,277] Epoch    2/  20, Step    41/   45, Loss = 0.03313173, PSNR = 14.79755938
[2023-05-21 03:15:06,838] Epoch    2/  20, Step    42/   45, Loss = 0.02167192, PSNR = 16.64102516
[2023-05-21 03:15:07,427] Epoch    2/  20, Step    43/   45, Loss = 0.02034478, PSNR = 16.91547026
[2023-05-21 03:15:07,994] Epoch    2/  20, Step    44/   45, Loss = 0.03951982, PSNR = 14.03185079
[2023-05-21 03:15:08,566] Epoch    2/  20, Step    45/   45, Loss = 0.03072258, PSNR = 15.12542331
[2023-05-21 03:15:08,643] torch.cuda.memory_allocated: 0.155192GB
[2023-05-21 03:15:08,644] torch.cuda.memory_cached: 10.451172GB
[2023-05-21 03:15:08,645] AVG Epoch Loss = 0.04234728, AVG Epoch PSNR = 13.89982959
[2023-05-21 03:15:08,855] epoch2 saved!
[2023-05-21 03:15:11,311] Epoch    3/  20, Step     1/   45, Loss = 0.01850444, PSNR = 17.32724122
[2023-05-21 03:15:11,874] Epoch    3/  20, Step     2/   45, Loss = 0.02218139, PSNR = 16.54011245
[2023-05-21 03:15:12,427] Epoch    3/  20, Step     3/   45, Loss = 0.01927611, PSNR = 17.14980636
[2023-05-21 03:15:13,027] Epoch    3/  20, Step     4/   45, Loss = 0.02329433, PSNR = 16.32749783
[2023-05-21 03:15:13,643] Epoch    3/  20, Step     5/   45, Loss = 0.02076416, PSNR = 16.82685614
[2023-05-21 03:15:14,197] Epoch    3/  20, Step     6/   45, Loss = 0.02596148, PSNR = 15.85670598
[2023-05-21 03:15:14,749] Epoch    3/  20, Step     7/   45, Loss = 0.01998929, PSNR = 16.99202646
[2023-05-21 03:15:15,302] Epoch    3/  20, Step     8/   45, Loss = 0.02648192, PSNR = 15.77050486
[2023-05-21 03:15:15,857] Epoch    3/  20, Step     9/   45, Loss = 0.02313141, PSNR = 16.35797935
[2023-05-21 03:15:16,410] Epoch    3/  20, Step    10/   45, Loss = 0.02057076, PSNR = 16.86749650
[2023-05-21 03:15:17,015] Epoch    3/  20, Step    11/   45, Loss = 0.02186316, PSNR = 16.60287128
[2023-05-21 03:15:17,577] Epoch    3/  20, Step    12/   45, Loss = 0.01613383, PSNR = 17.92262625
[2023-05-21 03:15:18,146] Epoch    3/  20, Step    13/   45, Loss = 0.02372095, PSNR = 16.24867924
[2023-05-21 03:15:18,700] Epoch    3/  20, Step    14/   45, Loss = 0.02320667, PSNR = 16.34387211
[2023-05-21 03:15:19,254] Epoch    3/  20, Step    15/   45, Loss = 0.02669232, PSNR = 15.73613683
[2023-05-21 03:15:19,807] Epoch    3/  20, Step    16/   45, Loss = 0.01628220, PSNR = 17.88286794
[2023-05-21 03:15:20,418] Epoch    3/  20, Step    17/   45, Loss = 0.01480655, PSNR = 18.29546123
[2023-05-21 03:15:21,039] Epoch    3/  20, Step    18/   45, Loss = 0.01692298, PSNR = 17.71523097
[2023-05-21 03:15:21,597] Epoch    3/  20, Step    19/   45, Loss = 0.01691931, PSNR = 17.71617275
[2023-05-21 03:15:22,183] Epoch    3/  20, Step    20/   45, Loss = 0.02317502, PSNR = 16.34979852
[2023-05-21 03:15:22,742] Epoch    3/  20, Step    21/   45, Loss = 0.01442941, PSNR = 18.40751511
[2023-05-21 03:15:23,296] Epoch    3/  20, Step    22/   45, Loss = 0.01396833, PSNR = 18.54855575
[2023-05-21 03:15:23,905] Epoch    3/  20, Step    23/   45, Loss = 0.01590099, PSNR = 17.98575734
[2023-05-21 03:15:24,509] Epoch    3/  20, Step    24/   45, Loss = 0.02528963, PSNR = 15.97057580
[2023-05-21 03:15:25,064] Epoch    3/  20, Step    25/   45, Loss = 0.01613639, PSNR = 17.92193589
[2023-05-21 03:15:25,625] Epoch    3/  20, Step    26/   45, Loss = 0.02135561, PSNR = 16.70487936
[2023-05-21 03:15:26,183] Epoch    3/  20, Step    27/   45, Loss = 0.01694260, PSNR = 17.71019900
[2023-05-21 03:15:26,741] Epoch    3/  20, Step    28/   45, Loss = 0.01787578, PSNR = 17.47735104
[2023-05-21 03:15:27,325] Epoch    3/  20, Step    29/   45, Loss = 0.01446724, PSNR = 18.39614277
[2023-05-21 03:15:27,924] Epoch    3/  20, Step    30/   45, Loss = 0.02999908, PSNR = 15.22892049
[2023-05-21 03:15:28,479] Epoch    3/  20, Step    31/   45, Loss = 0.00887192, PSNR = 20.51982181
[2023-05-21 03:15:29,048] Epoch    3/  20, Step    32/   45, Loss = 0.01809406, PSNR = 17.42463996
[2023-05-21 03:15:29,606] Epoch    3/  20, Step    33/   45, Loss = 0.00793697, PSNR = 21.00345294
[2023-05-21 03:15:30,161] Epoch    3/  20, Step    34/   45, Loss = 0.01448640, PSNR = 18.39039627
[2023-05-21 03:15:30,760] Epoch    3/  20, Step    35/   45, Loss = 0.01470083, PSNR = 18.32658118
[2023-05-21 03:15:31,371] Epoch    3/  20, Step    36/   45, Loss = 0.03911527, PSNR = 14.07653723
[2023-05-21 03:15:31,967] Epoch    3/  20, Step    37/   45, Loss = 0.01904835, PSNR = 17.20142724
[2023-05-21 03:15:32,532] Epoch    3/  20, Step    38/   45, Loss = 0.01973576, PSNR = 17.04746082
[2023-05-21 03:15:33,093] Epoch    3/  20, Step    39/   45, Loss = 0.02652314, PSNR = 15.76375073
[2023-05-21 03:15:33,646] Epoch    3/  20, Step    40/   45, Loss = 0.01450389, PSNR = 18.38515372
[2023-05-21 03:15:34,261] Epoch    3/  20, Step    41/   45, Loss = 0.01825718, PSNR = 17.38566253
[2023-05-21 03:15:34,831] Epoch    3/  20, Step    42/   45, Loss = 0.01412258, PSNR = 18.50086094
[2023-05-21 03:15:35,387] Epoch    3/  20, Step    43/   45, Loss = 0.01124850, PSNR = 19.48905420
[2023-05-21 03:15:35,946] Epoch    3/  20, Step    44/   45, Loss = 0.03002441, PSNR = 15.22525582
[2023-05-21 03:15:36,527] Epoch    3/  20, Step    45/   45, Loss = 0.02244496, PSNR = 16.48881097
[2023-05-21 03:15:36,616] torch.cuda.memory_allocated: 0.155192GB
[2023-05-21 03:15:36,617] torch.cuda.memory_cached: 10.451172GB
[2023-05-21 03:15:36,618] AVG Epoch Loss = 0.01967461, AVG Epoch PSNR = 17.25356985
[2023-05-21 03:15:36,717] epoch3 saved!
[2023-05-21 03:15:39,227] Epoch    4/  20, Step     1/   45, Loss = 0.01093325, PSNR = 19.61250862
[2023-05-21 03:15:39,787] Epoch    4/  20, Step     2/   45, Loss = 0.01499351, PSNR = 18.24096599
[2023-05-21 03:15:40,342] Epoch    4/  20, Step     3/   45, Loss = 0.01356083, PSNR = 18.67713649
[2023-05-21 03:15:40,965] Epoch    4/  20, Step     4/   45, Loss = 0.01672981, PSNR = 17.76509105
[2023-05-21 03:15:41,522] Epoch    4/  20, Step     5/   45, Loss = 0.01544939, PSNR = 18.11088695
[2023-05-21 03:15:42,110] Epoch    4/  20, Step     6/   45, Loss = 0.02027464, PSNR = 16.93046747
[2023-05-21 03:15:42,665] Epoch    4/  20, Step     7/   45, Loss = 0.01538447, PSNR = 18.12917326
[2023-05-21 03:15:43,254] Epoch    4/  20, Step     8/   45, Loss = 0.02153111, PSNR = 16.66933643
[2023-05-21 03:15:43,812] Epoch    4/  20, Step     9/   45, Loss = 0.01758042, PSNR = 17.54970667
[2023-05-21 03:15:44,430] Epoch    4/  20, Step    10/   45, Loss = 0.01637414, PSNR = 17.85841574
[2023-05-21 03:15:44,993] Epoch    4/  20, Step    11/   45, Loss = 0.01716307, PSNR = 17.65405075
[2023-05-21 03:15:45,604] Epoch    4/  20, Step    12/   45, Loss = 0.00983192, PSNR = 20.07361488
[2023-05-21 03:15:46,157] Epoch    4/  20, Step    13/   45, Loss = 0.01972255, PSNR = 17.05036992
[2023-05-21 03:15:46,714] Epoch    4/  20, Step    14/   45, Loss = 0.01861377, PSNR = 17.30165730
[2023-05-21 03:15:47,269] Epoch    4/  20, Step    15/   45, Loss = 0.02304869, PSNR = 16.37353831
[2023-05-21 03:15:47,864] Epoch    4/  20, Step    16/   45, Loss = 0.01292719, PSNR = 18.88495761
[2023-05-21 03:15:48,417] Epoch    4/  20, Step    17/   45, Loss = 0.01123683, PSNR = 19.49356094
[2023-05-21 03:15:49,045] Epoch    4/  20, Step    18/   45, Loss = 0.01347242, PSNR = 18.70554231
[2023-05-21 03:15:49,603] Epoch    4/  20, Step    19/   45, Loss = 0.01403219, PSNR = 18.52874465
[2023-05-21 03:15:50,175] Epoch    4/  20, Step    20/   45, Loss = 0.02016486, PSNR = 16.95404820
[2023-05-21 03:15:50,765] Epoch    4/  20, Step    21/   45, Loss = 0.01202458, PSNR = 19.19930032
[2023-05-21 03:15:51,321] Epoch    4/  20, Step    22/   45, Loss = 0.01120450, PSNR = 19.50607456
[2023-05-21 03:15:51,874] Epoch    4/  20, Step    23/   45, Loss = 0.01345402, PSNR = 18.71147810
[2023-05-21 03:15:52,448] Epoch    4/  20, Step    24/   45, Loss = 0.02243487, PSNR = 16.49076411
[2023-05-21 03:15:53,001] Epoch    4/  20, Step    25/   45, Loss = 0.01358392, PSNR = 18.66974916
[2023-05-21 03:15:53,579] Epoch    4/  20, Step    26/   45, Loss = 0.01916455, PSNR = 17.17501477
[2023-05-21 03:15:54,194] Epoch    4/  20, Step    27/   45, Loss = 0.01505419, PSNR = 18.22342538
[2023-05-21 03:15:54,753] Epoch    4/  20, Step    28/   45, Loss = 0.01579676, PSNR = 18.01432080
[2023-05-21 03:15:55,311] Epoch    4/  20, Step    29/   45, Loss = 0.01219203, PSNR = 19.13923929
[2023-05-21 03:15:55,910] Epoch    4/  20, Step    30/   45, Loss = 0.02819424, PSNR = 15.49839646
[2023-05-21 03:15:56,465] Epoch    4/  20, Step    31/   45, Loss = 0.00571716, PSNR = 22.42819675
[2023-05-21 03:15:57,047] Epoch    4/  20, Step    32/   45, Loss = 0.01577463, PSNR = 18.02040767
[2023-05-21 03:15:57,604] Epoch    4/  20, Step    33/   45, Loss = 0.00612312, PSNR = 22.13027199
[2023-05-21 03:15:58,158] Epoch    4/  20, Step    34/   45, Loss = 0.01248917, PSNR = 19.03466429
[2023-05-21 03:15:58,721] Epoch    4/  20, Step    35/   45, Loss = 0.01264478, PSNR = 18.98088567
[2023-05-21 03:15:59,299] Epoch    4/  20, Step    36/   45, Loss = 0.03719831, PSNR = 14.29476804
[2023-05-21 03:15:59,860] Epoch    4/  20, Step    37/   45, Loss = 0.01737863, PSNR = 17.59984460
[2023-05-21 03:16:00,450] Epoch    4/  20, Step    38/   45, Loss = 0.01790048, PSNR = 17.47135279
[2023-05-21 03:16:01,005] Epoch    4/  20, Step    39/   45, Loss = 0.02450920, PSNR = 16.10670784
[2023-05-21 03:16:01,559] Epoch    4/  20, Step    40/   45, Loss = 0.01293980, PSNR = 18.88072513
[2023-05-21 03:16:02,113] Epoch    4/  20, Step    41/   45, Loss = 0.01598211, PSNR = 17.96365832
[2023-05-21 03:16:02,667] Epoch    4/  20, Step    42/   45, Loss = 0.01265515, PSNR = 18.97732666
[2023-05-21 03:16:03,278] Epoch    4/  20, Step    43/   45, Loss = 0.00967981, PSNR = 20.14133035
[2023-05-21 03:16:03,932] Epoch    4/  20, Step    44/   45, Loss = 0.02831849, PSNR = 15.47929924
[2023-05-21 03:16:04,490] Epoch    4/  20, Step    45/   45, Loss = 0.02094265, PSNR = 16.78968311
[2023-05-21 03:16:04,565] torch.cuda.memory_allocated: 0.155192GB
[2023-05-21 03:16:04,566] torch.cuda.memory_cached: 10.451172GB
[2023-05-21 03:16:04,566] AVG Epoch Loss = 0.01636405, AVG Epoch PSNR = 18.12201464
[2023-05-21 03:16:04,672] epoch4 saved!
[2023-05-21 03:16:06,658] Epoch    5/  20, Step     1/   45, Loss = 0.00957433, PSNR = 20.18891631
[2023-05-21 03:16:07,250] Epoch    5/  20, Step     2/   45, Loss = 0.01348367, PSNR = 18.70191748
[2023-05-21 03:16:07,809] Epoch    5/  20, Step     3/   45, Loss = 0.01206107, PSNR = 19.18614105
[2023-05-21 03:16:08,370] Epoch    5/  20, Step     4/   45, Loss = 0.01517192, PSNR = 18.18959484
[2023-05-21 03:16:08,929] Epoch    5/  20, Step     5/   45, Loss = 0.01412948, PSNR = 18.49873896
[2023-05-21 03:16:09,484] Epoch    5/  20, Step     6/   45, Loss = 0.01868022, PSNR = 17.28618046
[2023-05-21 03:16:10,036] Epoch    5/  20, Step     7/   45, Loss = 0.01371212, PSNR = 18.62895387
[2023-05-21 03:16:10,647] Epoch    5/  20, Step     8/   45, Loss = 0.02011316, PSNR = 16.96519754
[2023-05-21 03:16:11,229] Epoch    5/  20, Step     9/   45, Loss = 0.01625304, PSNR = 17.89065466
[2023-05-21 03:16:11,789] Epoch    5/  20, Step    10/   45, Loss = 0.01474783, PSNR = 18.31271819
[2023-05-21 03:16:12,363] Epoch    5/  20, Step    11/   45, Loss = 0.01579936, PSNR = 18.01360547
[2023-05-21 03:16:12,919] Epoch    5/  20, Step    12/   45, Loss = 0.00833736, PSNR = 20.78971646
[2023-05-21 03:16:13,476] Epoch    5/  20, Step    13/   45, Loss = 0.01873907, PSNR = 17.27251863
[2023-05-21 03:16:14,105] Epoch    5/  20, Step    14/   45, Loss = 0.01705061, PSNR = 17.68260200
[2023-05-21 03:16:14,698] Epoch    5/  20, Step    15/   45, Loss = 0.02109801, PSNR = 16.75758424
[2023-05-21 03:16:15,251] Epoch    5/  20, Step    16/   45, Loss = 0.01155332, PSNR = 19.37293019
[2023-05-21 03:16:15,811] Epoch    5/  20, Step    17/   45, Loss = 0.00993270, PSNR = 20.02932576
[2023-05-21 03:16:16,365] Epoch    5/  20, Step    18/   45, Loss = 0.01218778, PSNR = 19.14075365
[2023-05-21 03:16:16,947] Epoch    5/  20, Step    19/   45, Loss = 0.01270439, PSNR = 18.96046084
[2023-05-21 03:16:17,579] Epoch    5/  20, Step    20/   45, Loss = 0.01858462, PSNR = 17.30846266
[2023-05-21 03:16:18,153] Epoch    5/  20, Step    21/   45, Loss = 0.01084853, PSNR = 19.64629008
[2023-05-21 03:16:18,740] Epoch    5/  20, Step    22/   45, Loss = 0.00990154, PSNR = 20.04297075
[2023-05-21 03:16:19,323] Epoch    5/  20, Step    23/   45, Loss = 0.01196594, PSNR = 19.22053154
[2023-05-21 03:16:19,879] Epoch    5/  20, Step    24/   45, Loss = 0.02077453, PSNR = 16.82468788
[2023-05-21 03:16:20,436] Epoch    5/  20, Step    25/   45, Loss = 0.01264590, PSNR = 18.98050248
[2023-05-21 03:16:21,028] Epoch    5/  20, Step    26/   45, Loss = 0.01820709, PSNR = 17.39759417
[2023-05-21 03:16:21,680] Epoch    5/  20, Step    27/   45, Loss = 0.01390217, PSNR = 18.56917445
[2023-05-21 03:16:22,240] Epoch    5/  20, Step    28/   45, Loss = 0.01444440, PSNR = 18.40300617
[2023-05-21 03:16:22,795] Epoch    5/  20, Step    29/   45, Loss = 0.01043603, PSNR = 19.81464522
[2023-05-21 03:16:23,351] Epoch    5/  20, Step    30/   45, Loss = 0.02719007, PSNR = 15.65589724
[2023-05-21 03:16:23,955] Epoch    5/  20, Step    31/   45, Loss = 0.00465776, PSNR = 23.31822565
[2023-05-21 03:16:24,520] Epoch    5/  20, Step    32/   45, Loss = 0.01418677, PSNR = 18.48116395
[2023-05-21 03:16:25,121] Epoch    5/  20, Step    33/   45, Loss = 0.00487712, PSNR = 23.11836370
[2023-05-21 03:16:25,682] Epoch    5/  20, Step    34/   45, Loss = 0.01158699, PSNR = 19.36029535
[2023-05-21 03:16:26,268] Epoch    5/  20, Step    35/   45, Loss = 0.01142416, PSNR = 19.42175560
[2023-05-21 03:16:26,844] Epoch    5/  20, Step    36/   45, Loss = 0.03617280, PSNR = 14.41617876
[2023-05-21 03:16:27,413] Epoch    5/  20, Step    37/   45, Loss = 0.01656563, PSNR = 17.80792135
[2023-05-21 03:16:27,971] Epoch    5/  20, Step    38/   45, Loss = 0.01653646, PSNR = 17.81557424
[2023-05-21 03:16:28,592] Epoch    5/  20, Step    39/   45, Loss = 0.02311809, PSNR = 16.36048052
[2023-05-21 03:16:29,152] Epoch    5/  20, Step    40/   45, Loss = 0.01192940, PSNR = 19.23381254
[2023-05-21 03:16:29,706] Epoch    5/  20, Step    41/   45, Loss = 0.01425171, PSNR = 18.46133111
[2023-05-21 03:16:30,300] Epoch    5/  20, Step    42/   45, Loss = 0.01163751, PSNR = 19.34140010
[2023-05-21 03:16:30,909] Epoch    5/  20, Step    43/   45, Loss = 0.00882252, PSNR = 20.54407106
[2023-05-21 03:16:31,466] Epoch    5/  20, Step    44/   45, Loss = 0.02709560, PSNR = 15.67101272
[2023-05-21 03:16:32,043] Epoch    5/  20, Step    45/   45, Loss = 0.01996762, PSNR = 16.99673671
[2023-05-21 03:16:32,118] torch.cuda.memory_allocated: 0.155192GB
[2023-05-21 03:16:32,119] torch.cuda.memory_cached: 10.451172GB
[2023-05-21 03:16:32,119] AVG Epoch Loss = 0.01504579, AVG Epoch PSNR = 18.53512437
[2023-05-21 03:16:32,240] epoch5 saved!
[2023-05-21 03:16:34,523] Epoch    6/  20, Step     1/   45, Loss = 0.00881184, PSNR = 20.54933358
[2023-05-21 03:16:35,103] Epoch    6/  20, Step     2/   45, Loss = 0.01225646, PSNR = 19.11634872
[2023-05-21 03:16:35,667] Epoch    6/  20, Step     3/   45, Loss = 0.01109013, PSNR = 19.55063305
[2023-05-21 03:16:36,225] Epoch    6/  20, Step     4/   45, Loss = 0.01412830, PSNR = 18.49909995
[2023-05-21 03:16:36,828] Epoch    6/  20, Step     5/   45, Loss = 0.01339547, PSNR = 18.73041995
[2023-05-21 03:16:37,383] Epoch    6/  20, Step     6/   45, Loss = 0.01748151, PSNR = 17.57421067
[2023-05-21 03:16:37,936] Epoch    6/  20, Step     7/   45, Loss = 0.01245377, PSNR = 19.04699247
[2023-05-21 03:16:38,490] Epoch    6/  20, Step     8/   45, Loss = 0.01912694, PSNR = 17.18354535
[2023-05-21 03:16:39,060] Epoch    6/  20, Step     9/   45, Loss = 0.01537171, PSNR = 18.13277737
[2023-05-21 03:16:39,650] Epoch    6/  20, Step    10/   45, Loss = 0.01376018, PSNR = 18.61375937
[2023-05-21 03:16:40,249] Epoch    6/  20, Step    11/   45, Loss = 0.01489335, PSNR = 18.27007734
[2023-05-21 03:16:40,804] Epoch    6/  20, Step    12/   45, Loss = 0.00747793, PSNR = 21.26218561
[2023-05-21 03:16:41,362] Epoch    6/  20, Step    13/   45, Loss = 0.01816713, PSNR = 17.40713572
[2023-05-21 03:16:41,919] Epoch    6/  20, Step    14/   45, Loss = 0.01581708, PSNR = 18.00873748
[2023-05-21 03:16:42,524] Epoch    6/  20, Step    15/   45, Loss = 0.01965059, PSNR = 17.06624454
[2023-05-21 03:16:43,131] Epoch    6/  20, Step    16/   45, Loss = 0.01048551, PSNR = 19.79410311
[2023-05-21 03:16:43,690] Epoch    6/  20, Step    17/   45, Loss = 0.00904929, PSNR = 20.43385635
[2023-05-21 03:16:44,268] Epoch    6/  20, Step    18/   45, Loss = 0.01122227, PSNR = 19.49919455
[2023-05-21 03:16:44,828] Epoch    6/  20, Step    19/   45, Loss = 0.01175845, PSNR = 19.29649770
[2023-05-21 03:16:45,391] Epoch    6/  20, Step    20/   45, Loss = 0.01729257, PSNR = 17.62140356
[2023-05-21 03:16:45,981] Epoch    6/  20, Step    21/   45, Loss = 0.01012026, PSNR = 19.94808347
[2023-05-21 03:16:46,610] Epoch    6/  20, Step    22/   45, Loss = 0.00887535, PSNR = 20.51814716
[2023-05-21 03:16:47,177] Epoch    6/  20, Step    23/   45, Loss = 0.01098646, PSNR = 19.59142059
[2023-05-21 03:16:47,733] Epoch    6/  20, Step    24/   45, Loss = 0.01946189, PSNR = 17.10814930
[2023-05-21 03:16:48,289] Epoch    6/  20, Step    25/   45, Loss = 0.01210676, PSNR = 19.16971952
[2023-05-21 03:16:48,857] Epoch    6/  20, Step    26/   45, Loss = 0.01746461, PSNR = 17.57841066
[2023-05-21 03:16:49,411] Epoch    6/  20, Step    27/   45, Loss = 0.01327427, PSNR = 18.76989197
[2023-05-21 03:16:50,019] Epoch    6/  20, Step    28/   45, Loss = 0.01332152, PSNR = 18.75446073
[2023-05-21 03:16:50,596] Epoch    6/  20, Step    29/   45, Loss = 0.00959624, PSNR = 20.17898825
[2023-05-21 03:16:51,179] Epoch    6/  20, Step    30/   45, Loss = 0.02628680, PSNR = 15.80262257
[2023-05-21 03:16:51,735] Epoch    6/  20, Step    31/   45, Loss = 0.00428811, PSNR = 23.67733852
[2023-05-21 03:16:52,290] Epoch    6/  20, Step    32/   45, Loss = 0.01320519, PSNR = 18.79255401
[2023-05-21 03:16:52,846] Epoch    6/  20, Step    33/   45, Loss = 0.00429596, PSNR = 23.66940141
[2023-05-21 03:16:53,499] Epoch    6/  20, Step    34/   45, Loss = 0.01151422, PSNR = 19.38765322
[2023-05-21 03:16:54,093] Epoch    6/  20, Step    35/   45, Loss = 0.01091456, PSNR = 19.61993640
[2023-05-21 03:16:54,655] Epoch    6/  20, Step    36/   45, Loss = 0.03591132, PSNR = 14.44768611
[2023-05-21 03:16:55,209] Epoch    6/  20, Step    37/   45, Loss = 0.01619218, PSNR = 17.90694699
[2023-05-21 03:16:55,777] Epoch    6/  20, Step    38/   45, Loss = 0.01574524, PSNR = 18.02850682
[2023-05-21 03:16:56,331] Epoch    6/  20, Step    39/   45, Loss = 0.02250139, PSNR = 16.47790717
[2023-05-21 03:16:56,930] Epoch    6/  20, Step    40/   45, Loss = 0.01134998, PSNR = 19.45005054
[2023-05-21 03:16:57,541] Epoch    6/  20, Step    41/   45, Loss = 0.01377620, PSNR = 18.60870682
[2023-05-21 03:16:58,121] Epoch    6/  20, Step    42/   45, Loss = 0.01105637, PSNR = 19.56387432
[2023-05-21 03:16:58,675] Epoch    6/  20, Step    43/   45, Loss = 0.00866403, PSNR = 20.62279883
[2023-05-21 03:16:59,229] Epoch    6/  20, Step    44/   45, Loss = 0.02644522, PSNR = 15.77652858
[2023-05-21 03:16:59,783] Epoch    6/  20, Step    45/   45, Loss = 0.01953216, PSNR = 17.09249833
[2023-05-21 03:16:59,918] torch.cuda.memory_allocated: 0.155192GB
[2023-05-21 03:16:59,919] torch.cuda.memory_cached: 10.451172GB
[2023-05-21 03:16:59,919] AVG Epoch Loss = 0.01423504, AVG Epoch PSNR = 18.80441864
[2023-05-21 03:17:00,066] epoch6 saved!
[2023-05-21 03:17:02,385] Epoch    7/  20, Step     1/   45, Loss = 0.00867603, PSNR = 20.61679061
[2023-05-21 03:17:02,956] Epoch    7/  20, Step     2/   45, Loss = 0.01163775, PSNR = 19.34131008
[2023-05-21 03:17:03,550] Epoch    7/  20, Step     3/   45, Loss = 0.01072685, PSNR = 19.69527848
[2023-05-21 03:17:04,152] Epoch    7/  20, Step     4/   45, Loss = 0.01373569, PSNR = 18.62149544
[2023-05-21 03:17:04,715] Epoch    7/  20, Step     5/   45, Loss = 0.01298585, PSNR = 18.86529751
[2023-05-21 03:17:05,269] Epoch    7/  20, Step     6/   45, Loss = 0.01701138, PSNR = 17.69260411
[2023-05-21 03:17:05,823] Epoch    7/  20, Step     7/   45, Loss = 0.01169096, PSNR = 19.32149712
[2023-05-21 03:17:06,386] Epoch    7/  20, Step     8/   45, Loss = 0.01878979, PSNR = 17.26077974
[2023-05-21 03:17:07,005] Epoch    7/  20, Step     9/   45, Loss = 0.01509798, PSNR = 18.21081063
[2023-05-21 03:17:07,562] Epoch    7/  20, Step    10/   45, Loss = 0.01317529, PSNR = 18.80239691
[2023-05-21 03:17:08,143] Epoch    7/  20, Step    11/   45, Loss = 0.01464801, PSNR = 18.34221510
[2023-05-21 03:17:08,701] Epoch    7/  20, Step    12/   45, Loss = 0.00718486, PSNR = 21.43581644
[2023-05-21 03:17:09,260] Epoch    7/  20, Step    13/   45, Loss = 0.01792792, PSNR = 17.46469993
[2023-05-21 03:17:09,829] Epoch    7/  20, Step    14/   45, Loss = 0.01545548, PSNR = 18.10917536
[2023-05-21 03:17:10,399] Epoch    7/  20, Step    15/   45, Loss = 0.01898374, PSNR = 17.21618172
[2023-05-21 03:17:10,954] Epoch    7/  20, Step    16/   45, Loss = 0.01017559, PSNR = 19.92440224
[2023-05-21 03:17:11,570] Epoch    7/  20, Step    17/   45, Loss = 0.00897390, PSNR = 20.47018583
[2023-05-21 03:17:12,134] Epoch    7/  20, Step    18/   45, Loss = 0.01078138, PSNR = 19.67325520
[2023-05-21 03:17:12,689] Epoch    7/  20, Step    19/   45, Loss = 0.01169031, PSNR = 19.32174138
[2023-05-21 03:17:13,286] Epoch    7/  20, Step    20/   45, Loss = 0.01667992, PSNR = 17.77806127
[2023-05-21 03:17:13,843] Epoch    7/  20, Step    21/   45, Loss = 0.00993848, PSNR = 20.02679855
[2023-05-21 03:17:14,397] Epoch    7/  20, Step    22/   45, Loss = 0.00861991, PSNR = 20.64497263
[2023-05-21 03:17:14,995] Epoch    7/  20, Step    23/   45, Loss = 0.01041965, PSNR = 19.82146869
[2023-05-21 03:17:15,557] Epoch    7/  20, Step    24/   45, Loss = 0.01925491, PSNR = 17.15458553
[2023-05-21 03:17:16,216] Epoch    7/  20, Step    25/   45, Loss = 0.01186243, PSNR = 19.25826379
[2023-05-21 03:17:16,792] Epoch    7/  20, Step    26/   45, Loss = 0.01689972, PSNR = 17.72120591
[2023-05-21 03:17:17,350] Epoch    7/  20, Step    27/   45, Loss = 0.01289432, PSNR = 18.89601389
[2023-05-21 03:17:17,908] Epoch    7/  20, Step    28/   45, Loss = 0.01249261, PSNR = 19.03346748
[2023-05-21 03:17:18,488] Epoch    7/  20, Step    29/   45, Loss = 0.00873275, PSNR = 20.58848922
[2023-05-21 03:17:19,048] Epoch    7/  20, Step    30/   45, Loss = 0.02595197, PSNR = 15.85829663
[2023-05-21 03:17:19,634] Epoch    7/  20, Step    31/   45, Loss = 0.00395719, PSNR = 24.02612628
[2023-05-21 03:17:20,189] Epoch    7/  20, Step    32/   45, Loss = 0.01249862, PSNR = 19.03137969
[2023-05-21 03:17:20,782] Epoch    7/  20, Step    33/   45, Loss = 0.00384418, PSNR = 24.15196663
[2023-05-21 03:17:21,339] Epoch    7/  20, Step    34/   45, Loss = 0.01057491, PSNR = 19.75723441
[2023-05-21 03:17:21,910] Epoch    7/  20, Step    35/   45, Loss = 0.01045168, PSNR = 19.80814087
[2023-05-21 03:17:22,548] Epoch    7/  20, Step    36/   45, Loss = 0.03522360, PSNR = 14.53166265
[2023-05-21 03:17:23,130] Epoch    7/  20, Step    37/   45, Loss = 0.01585633, PSNR = 17.99797393
[2023-05-21 03:17:23,687] Epoch    7/  20, Step    38/   45, Loss = 0.01546332, PSNR = 18.10697294
[2023-05-21 03:17:24,244] Epoch    7/  20, Step    39/   45, Loss = 0.02164541, PSNR = 16.64634221
[2023-05-21 03:17:24,800] Epoch    7/  20, Step    40/   45, Loss = 0.01121361, PSNR = 19.50254374
[2023-05-21 03:17:25,358] Epoch    7/  20, Step    41/   45, Loss = 0.01222890, PSNR = 19.12612454
[2023-05-21 03:17:25,941] Epoch    7/  20, Step    42/   45, Loss = 0.01078498, PSNR = 19.67180585
[2023-05-21 03:17:26,498] Epoch    7/  20, Step    43/   45, Loss = 0.00791770, PSNR = 21.01401092
[2023-05-21 03:17:27,055] Epoch    7/  20, Step    44/   45, Loss = 0.02606694, PSNR = 15.83909943
[2023-05-21 03:17:27,642] Epoch    7/  20, Step    45/   45, Loss = 0.01908680, PSNR = 17.19266781
[2023-05-21 03:17:27,715] torch.cuda.memory_allocated: 0.155192GB
[2023-05-21 03:17:27,716] torch.cuda.memory_cached: 10.451172GB
[2023-05-21 03:17:27,716] AVG Epoch Loss = 0.01377577, AVG Epoch PSNR = 18.96825799
[2023-05-21 03:17:27,815] epoch7 saved!
[2023-05-21 03:17:30,423] Epoch    8/  20, Step     1/   45, Loss = 0.00831669, PSNR = 20.80049481
[2023-05-21 03:17:30,978] Epoch    8/  20, Step     2/   45, Loss = 0.01124815, PSNR = 19.48918976
[2023-05-21 03:17:31,533] Epoch    8/  20, Step     3/   45, Loss = 0.01013952, PSNR = 19.93982632
[2023-05-21 03:17:32,095] Epoch    8/  20, Step     4/   45, Loss = 0.01338219, PSNR = 18.73472811
[2023-05-21 03:17:32,747] Epoch    8/  20, Step     5/   45, Loss = 0.01265121, PSNR = 18.97867977
[2023-05-21 03:17:33,305] Epoch    8/  20, Step     6/   45, Loss = 0.01640119, PSNR = 17.85124681
[2023-05-21 03:17:33,867] Epoch    8/  20, Step     7/   45, Loss = 0.01133433, PSNR = 19.45604189
[2023-05-21 03:17:34,444] Epoch    8/  20, Step     8/   45, Loss = 0.01841384, PSNR = 17.34855638
[2023-05-21 03:17:34,998] Epoch    8/  20, Step     9/   45, Loss = 0.01474399, PSNR = 18.31384882
[2023-05-21 03:17:35,553] Epoch    8/  20, Step    10/   45, Loss = 0.01291906, PSNR = 18.88768930
[2023-05-21 03:17:36,168] Epoch    8/  20, Step    11/   45, Loss = 0.01419917, PSNR = 18.47737061
[2023-05-21 03:17:36,780] Epoch    8/  20, Step    12/   45, Loss = 0.00688292, PSNR = 21.62227194
[2023-05-21 03:17:37,339] Epoch    8/  20, Step    13/   45, Loss = 0.01770208, PSNR = 17.51975602
[2023-05-21 03:17:37,896] Epoch    8/  20, Step    14/   45, Loss = 0.01493504, PSNR = 18.25793639
[2023-05-21 03:17:38,454] Epoch    8/  20, Step    15/   45, Loss = 0.01861496, PSNR = 17.30137830
[2023-05-21 03:17:39,037] Epoch    8/  20, Step    16/   45, Loss = 0.00973343, PSNR = 20.11734168
[2023-05-21 03:17:39,636] Epoch    8/  20, Step    17/   45, Loss = 0.00846691, PSNR = 20.72275123
[2023-05-21 03:17:40,241] Epoch    8/  20, Step    18/   45, Loss = 0.01052694, PSNR = 19.77697689
[2023-05-21 03:17:40,797] Epoch    8/  20, Step    19/   45, Loss = 0.01116388, PSNR = 19.52184872
[2023-05-21 03:17:41,353] Epoch    8/  20, Step    20/   45, Loss = 0.01632886, PSNR = 17.87044033
[2023-05-21 03:17:41,908] Epoch    8/  20, Step    21/   45, Loss = 0.00963158, PSNR = 20.16302307
[2023-05-21 03:17:42,465] Epoch    8/  20, Step    22/   45, Loss = 0.00807564, PSNR = 20.92822920
[2023-05-21 03:17:43,057] Epoch    8/  20, Step    23/   45, Loss = 0.01014549, PSNR = 19.93727090
[2023-05-21 03:17:43,672] Epoch    8/  20, Step    24/   45, Loss = 0.01861666, PSNR = 17.30098199
[2023-05-21 03:17:44,232] Epoch    8/  20, Step    25/   45, Loss = 0.01168206, PSNR = 19.32480651
[2023-05-21 03:17:44,789] Epoch    8/  20, Step    26/   45, Loss = 0.01663184, PSNR = 17.79059707
[2023-05-21 03:17:45,344] Epoch    8/  20, Step    27/   45, Loss = 0.01257904, PSNR = 19.00352417
[2023-05-21 03:17:45,910] Epoch    8/  20, Step    28/   45, Loss = 0.01209013, PSNR = 19.17569037
[2023-05-21 03:17:46,485] Epoch    8/  20, Step    29/   45, Loss = 0.00828534, PSNR = 20.81689571
[2023-05-21 03:17:47,093] Epoch    8/  20, Step    30/   45, Loss = 0.02568868, PSNR = 15.90258245
[2023-05-21 03:17:47,649] Epoch    8/  20, Step    31/   45, Loss = 0.00384707, PSNR = 24.14870222
[2023-05-21 03:17:48,205] Epoch    8/  20, Step    32/   45, Loss = 0.01201714, PSNR = 19.20198739
[2023-05-21 03:17:48,761] Epoch    8/  20, Step    33/   45, Loss = 0.00364835, PSNR = 24.37903392
[2023-05-21 03:17:49,367] Epoch    8/  20, Step    34/   45, Loss = 0.01035743, PSNR = 19.84748141
[2023-05-21 03:17:49,938] Epoch    8/  20, Step    35/   45, Loss = 0.01022115, PSNR = 19.90500208
[2023-05-21 03:17:50,552] Epoch    8/  20, Step    36/   45, Loss = 0.03505771, PSNR = 14.55216473
[2023-05-21 03:17:51,112] Epoch    8/  20, Step    37/   45, Loss = 0.01569099, PSNR = 18.04349557
[2023-05-21 03:17:51,667] Epoch    8/  20, Step    38/   45, Loss = 0.01511263, PSNR = 18.20659814
[2023-05-21 03:17:52,245] Epoch    8/  20, Step    39/   45, Loss = 0.02141076, PSNR = 16.69367964
[2023-05-21 03:17:52,821] Epoch    8/  20, Step    40/   45, Loss = 0.01093238, PSNR = 19.61285379
[2023-05-21 03:17:53,380] Epoch    8/  20, Step    41/   45, Loss = 0.01198006, PSNR = 19.21540888
[2023-05-21 03:17:53,965] Epoch    8/  20, Step    42/   45, Loss = 0.01058152, PSNR = 19.75452042
[2023-05-21 03:17:54,523] Epoch    8/  20, Step    43/   45, Loss = 0.00778455, PSNR = 21.08766665
[2023-05-21 03:17:55,082] Epoch    8/  20, Step    44/   45, Loss = 0.02586988, PSNR = 15.87205650
[2023-05-21 03:17:55,682] Epoch    8/  20, Step    45/   45, Loss = 0.01896719, PSNR = 17.21997116
[2023-05-21 03:17:55,774] torch.cuda.memory_allocated: 0.155192GB
[2023-05-21 03:17:55,777] torch.cuda.memory_cached: 10.451172GB
[2023-05-21 03:17:55,778] AVG Epoch Loss = 0.01344466, AVG Epoch PSNR = 19.09050218
[2023-05-21 03:17:55,881] epoch8 saved!
[2023-05-21 03:17:58,215] Epoch    9/  20, Step     1/   45, Loss = 0.00817644, PSNR = 20.87435578
[2023-05-21 03:17:58,821] Epoch    9/  20, Step     2/   45, Loss = 0.01107469, PSNR = 19.55668270
[2023-05-21 03:17:59,391] Epoch    9/  20, Step     3/   45, Loss = 0.00997893, PSNR = 20.00916206
[2023-05-21 03:17:59,945] Epoch    9/  20, Step     4/   45, Loss = 0.01322516, PSNR = 18.78599109
[2023-05-21 03:18:00,502] Epoch    9/  20, Step     5/   45, Loss = 0.01253071, PSNR = 19.02024270
[2023-05-21 03:18:01,071] Epoch    9/  20, Step     6/   45, Loss = 0.01609789, PSNR = 17.93230938
[2023-05-21 03:18:01,629] Epoch    9/  20, Step     7/   45, Loss = 0.01111090, PSNR = 19.54250908
[2023-05-21 03:18:02,236] Epoch    9/  20, Step     8/   45, Loss = 0.01824360, PSNR = 17.38889377
[2023-05-21 03:18:02,807] Epoch    9/  20, Step     9/   45, Loss = 0.01456941, PSNR = 18.36558087
[2023-05-21 03:18:03,361] Epoch    9/  20, Step    10/   45, Loss = 0.01269634, PSNR = 18.96321369
[2023-05-21 03:18:03,918] Epoch    9/  20, Step    11/   45, Loss = 0.01401578, PSNR = 18.53382589
[2023-05-21 03:18:04,512] Epoch    9/  20, Step    12/   45, Loss = 0.00658906, PSNR = 21.81176710
[2023-05-21 03:18:05,093] Epoch    9/  20, Step    13/   45, Loss = 0.01758256, PSNR = 17.54917939
[2023-05-21 03:18:05,681] Epoch    9/  20, Step    14/   45, Loss = 0.01477315, PSNR = 18.30526893
[2023-05-21 03:18:06,238] Epoch    9/  20, Step    15/   45, Loss = 0.01831393, PSNR = 17.37218552
[2023-05-21 03:18:06,794] Epoch    9/  20, Step    16/   45, Loss = 0.00952587, PSNR = 20.21095393
[2023-05-21 03:18:07,349] Epoch    9/  20, Step    17/   45, Loss = 0.00804408, PSNR = 20.94523575
[2023-05-21 03:18:07,939] Epoch    9/  20, Step    18/   45, Loss = 0.01033925, PSNR = 19.85511009
[2023-05-21 03:18:08,542] Epoch    9/  20, Step    19/   45, Loss = 0.01085192, PSNR = 19.64493281
[2023-05-21 03:18:09,114] Epoch    9/  20, Step    20/   45, Loss = 0.01614190, PSNR = 17.92045276
[2023-05-21 03:18:09,671] Epoch    9/  20, Step    21/   45, Loss = 0.00941500, PSNR = 20.26179730
[2023-05-21 03:18:10,228] Epoch    9/  20, Step    22/   45, Loss = 0.00787545, PSNR = 21.03724521
[2023-05-21 03:18:10,781] Epoch    9/  20, Step    23/   45, Loss = 0.00987540, PSNR = 20.05445510
[2023-05-21 03:18:11,337] Epoch    9/  20, Step    24/   45, Loss = 0.01835327, PSNR = 17.36286582
[2023-05-21 03:18:11,950] Epoch    9/  20, Step    25/   45, Loss = 0.01155006, PSNR = 19.37415707
[2023-05-21 03:18:12,508] Epoch    9/  20, Step    26/   45, Loss = 0.01636344, PSNR = 17.86125291
[2023-05-21 03:18:13,065] Epoch    9/  20, Step    27/   45, Loss = 0.01243012, PSNR = 19.05524539
[2023-05-21 03:18:13,620] Epoch    9/  20, Step    28/   45, Loss = 0.01186912, PSNR = 19.25581498
[2023-05-21 03:18:14,174] Epoch    9/  20, Step    29/   45, Loss = 0.00801015, PSNR = 20.96359506
[2023-05-21 03:18:14,745] Epoch    9/  20, Step    30/   45, Loss = 0.02561059, PSNR = 15.91580410
[2023-05-21 03:18:15,371] Epoch    9/  20, Step    31/   45, Loss = 0.00374145, PSNR = 24.26960200
[2023-05-21 03:18:15,965] Epoch    9/  20, Step    32/   45, Loss = 0.01187355, PSNR = 19.25419491
[2023-05-21 03:18:16,526] Epoch    9/  20, Step    33/   45, Loss = 0.00352107, PSNR = 24.53324867
[2023-05-21 03:18:17,106] Epoch    9/  20, Step    34/   45, Loss = 0.01017134, PSNR = 19.92621715
[2023-05-21 03:18:17,670] Epoch    9/  20, Step    35/   45, Loss = 0.01002092, PSNR = 19.99092240
[2023-05-21 03:18:18,224] Epoch    9/  20, Step    36/   45, Loss = 0.03490249, PSNR = 14.57143627
[2023-05-21 03:18:18,808] Epoch    9/  20, Step    37/   45, Loss = 0.01552024, PSNR = 18.09101536
[2023-05-21 03:18:19,426] Epoch    9/  20, Step    38/   45, Loss = 0.01493401, PSNR = 18.25823512
[2023-05-21 03:18:19,981] Epoch    9/  20, Step    39/   45, Loss = 0.02118674, PSNR = 16.73935803
[2023-05-21 03:18:20,536] Epoch    9/  20, Step    40/   45, Loss = 0.01077000, PSNR = 19.67784163
[2023-05-21 03:18:21,090] Epoch    9/  20, Step    41/   45, Loss = 0.01168829, PSNR = 19.32248946
[2023-05-21 03:18:21,664] Epoch    9/  20, Step    42/   45, Loss = 0.01054079, PSNR = 19.77126957
[2023-05-21 03:18:22,260] Epoch    9/  20, Step    43/   45, Loss = 0.00767750, PSNR = 21.14780062
[2023-05-21 03:18:22,845] Epoch    9/  20, Step    44/   45, Loss = 0.02575971, PSNR = 15.89059062
[2023-05-21 03:18:23,402] Epoch    9/  20, Step    45/   45, Loss = 0.01892055, PSNR = 17.23066198
[2023-05-21 03:18:23,519] torch.cuda.memory_allocated: 0.155192GB
[2023-05-21 03:18:23,519] torch.cuda.memory_cached: 10.451172GB
[2023-05-21 03:18:23,520] AVG Epoch Loss = 0.01325473, AVG Epoch PSNR = 19.16455489
[2023-05-21 03:18:23,619] epoch9 saved!
[2023-05-21 03:18:25,975] Epoch   10/  20, Step     1/   45, Loss = 0.00805968, PSNR = 20.93681975
[2023-05-21 03:18:26,531] Epoch   10/  20, Step     2/   45, Loss = 0.01112674, PSNR = 19.53632136
[2023-05-21 03:18:27,094] Epoch   10/  20, Step     3/   45, Loss = 0.00985733, PSNR = 20.06240642
[2023-05-21 03:18:27,648] Epoch   10/  20, Step     4/   45, Loss = 0.01322017, PSNR = 18.78762943
[2023-05-21 03:18:28,207] Epoch   10/  20, Step     5/   45, Loss = 0.01233662, PSNR = 19.08803841
[2023-05-21 03:18:28,814] Epoch   10/  20, Step     6/   45, Loss = 0.01611396, PSNR = 17.92797739
[2023-05-21 03:18:29,396] Epoch   10/  20, Step     7/   45, Loss = 0.01092651, PSNR = 19.61518487
[2023-05-21 03:18:29,952] Epoch   10/  20, Step     8/   45, Loss = 0.01824872, PSNR = 17.38767634
[2023-05-21 03:18:30,511] Epoch   10/  20, Step     9/   45, Loss = 0.01441640, PSNR = 18.41143222
[2023-05-21 03:18:31,066] Epoch   10/  20, Step    10/   45, Loss = 0.01261466, PSNR = 18.99124388
[2023-05-21 03:18:31,654] Epoch   10/  20, Step    11/   45, Loss = 0.01385199, PSNR = 18.58487977
[2023-05-21 03:18:32,218] Epoch   10/  20, Step    12/   45, Loss = 0.00649556, PSNR = 21.87383491
[2023-05-21 03:18:32,790] Epoch   10/  20, Step    13/   45, Loss = 0.01745322, PSNR = 17.58124536
[2023-05-21 03:18:33,370] Epoch   10/  20, Step    14/   45, Loss = 0.01469740, PSNR = 18.32759461
[2023-05-21 03:18:33,929] Epoch   10/  20, Step    15/   45, Loss = 0.01813349, PSNR = 17.41518572
[2023-05-21 03:18:34,491] Epoch   10/  20, Step    16/   45, Loss = 0.00945617, PSNR = 20.24284610
[2023-05-21 03:18:35,093] Epoch   10/  20, Step    17/   45, Loss = 0.00794218, PSNR = 21.00060063
[2023-05-21 03:18:35,653] Epoch   10/  20, Step    18/   45, Loss = 0.01041008, PSNR = 19.82545866
[2023-05-21 03:18:36,216] Epoch   10/  20, Step    19/   45, Loss = 0.01078047, PSNR = 19.67362287
[2023-05-21 03:18:36,773] Epoch   10/  20, Step    20/   45, Loss = 0.01611396, PSNR = 17.92797839
[2023-05-21 03:18:37,331] Epoch   10/  20, Step    21/   45, Loss = 0.00930825, PSNR = 20.31131802
[2023-05-21 03:18:37,923] Epoch   10/  20, Step    22/   45, Loss = 0.00773477, PSNR = 21.11552651
[2023-05-21 03:18:38,508] Epoch   10/  20, Step    23/   45, Loss = 0.00967573, PSNR = 20.14316091
[2023-05-21 03:18:39,078] Epoch   10/  20, Step    24/   45, Loss = 0.01823239, PSNR = 17.39156480
[2023-05-21 03:18:39,652] Epoch   10/  20, Step    25/   45, Loss = 0.01143328, PSNR = 19.41829193
[2023-05-21 03:18:40,239] Epoch   10/  20, Step    26/   45, Loss = 0.01612289, PSNR = 17.92557042
[2023-05-21 03:18:40,805] Epoch   10/  20, Step    27/   45, Loss = 0.01231438, PSNR = 19.09587280
[2023-05-21 03:18:41,390] Epoch   10/  20, Step    28/   45, Loss = 0.01164537, PSNR = 19.33846598
[2023-05-21 03:18:41,982] Epoch   10/  20, Step    29/   45, Loss = 0.00776716, PSNR = 21.09737933
[2023-05-21 03:18:42,555] Epoch   10/  20, Step    30/   45, Loss = 0.02540399, PSNR = 15.95098044
[2023-05-21 03:18:43,118] Epoch   10/  20, Step    31/   45, Loss = 0.00366029, PSNR = 24.36484998
[2023-05-21 03:18:43,676] Epoch   10/  20, Step    32/   45, Loss = 0.01167982, PSNR = 19.32563927
[2023-05-21 03:18:44,271] Epoch   10/  20, Step    33/   45, Loss = 0.00342404, PSNR = 24.65460811
[2023-05-21 03:18:44,838] Epoch   10/  20, Step    34/   45, Loss = 0.00988920, PSNR = 20.04838621
[2023-05-21 03:18:45,393] Epoch   10/  20, Step    35/   45, Loss = 0.00984226, PSNR = 20.06905134
[2023-05-21 03:18:45,948] Epoch   10/  20, Step    36/   45, Loss = 0.03474157, PSNR = 14.59150521
[2023-05-21 03:18:46,505] Epoch   10/  20, Step    37/   45, Loss = 0.01533217, PSNR = 18.14396326
[2023-05-21 03:18:47,062] Epoch   10/  20, Step    38/   45, Loss = 0.01476767, PSNR = 18.30687964
[2023-05-21 03:18:47,648] Epoch   10/  20, Step    39/   45, Loss = 0.02098483, PSNR = 16.78094615
[2023-05-21 03:18:48,206] Epoch   10/  20, Step    40/   45, Loss = 0.01061458, PSNR = 19.74097128
[2023-05-21 03:18:48,789] Epoch   10/  20, Step    41/   45, Loss = 0.01136971, PSNR = 19.44250653
[2023-05-21 03:18:49,352] Epoch   10/  20, Step    42/   45, Loss = 0.01035182, PSNR = 19.84983292
[2023-05-21 03:18:49,907] Epoch   10/  20, Step    43/   45, Loss = 0.00749907, PSNR = 21.24992868
[2023-05-21 03:18:50,493] Epoch   10/  20, Step    44/   45, Loss = 0.02557151, PSNR = 15.92243654
[2023-05-21 03:18:51,121] Epoch   10/  20, Step    45/   45, Loss = 0.01871505, PSNR = 17.27808920
[2023-05-21 03:18:51,238] torch.cuda.memory_allocated: 0.155192GB
[2023-05-21 03:18:51,247] torch.cuda.memory_cached: 10.451172GB
[2023-05-21 03:18:51,248] AVG Epoch Loss = 0.01311860, AVG Epoch PSNR = 19.21679339
[2023-05-21 03:18:51,408] epoch10 saved!
[2023-05-21 03:18:53,570] Epoch   11/  20, Step     1/   45, Loss = 0.00791029, PSNR = 21.01807861
[2023-05-21 03:18:54,125] Epoch   11/  20, Step     2/   45, Loss = 0.01093071, PSNR = 19.61351461
[2023-05-21 03:18:54,701] Epoch   11/  20, Step     3/   45, Loss = 0.00972785, PSNR = 20.11983027
[2023-05-21 03:18:55,259] Epoch   11/  20, Step     4/   45, Loss = 0.01296850, PSNR = 18.87110280
[2023-05-21 03:18:55,818] Epoch   11/  20, Step     5/   45, Loss = 0.01223908, PSNR = 19.12251229
[2023-05-21 03:18:56,372] Epoch   11/  20, Step     6/   45, Loss = 0.01581088, PSNR = 18.01044038
[2023-05-21 03:18:56,926] Epoch   11/  20, Step     7/   45, Loss = 0.01087653, PSNR = 19.63509681
[2023-05-21 03:18:57,479] Epoch   11/  20, Step     8/   45, Loss = 0.01802737, PSNR = 17.44067564
[2023-05-21 03:18:58,112] Epoch   11/  20, Step     9/   45, Loss = 0.01440830, PSNR = 18.41387379
[2023-05-21 03:18:58,708] Epoch   11/  20, Step    10/   45, Loss = 0.01232730, PSNR = 19.09131923
[2023-05-21 03:18:59,269] Epoch   11/  20, Step    11/   45, Loss = 0.01379038, PSNR = 18.60423760
[2023-05-21 03:18:59,823] Epoch   11/  20, Step    12/   45, Loss = 0.00632797, PSNR = 21.98735624
[2023-05-21 03:19:00,379] Epoch   11/  20, Step    13/   45, Loss = 0.01738109, PSNR = 17.59922975
[2023-05-21 03:19:00,934] Epoch   11/  20, Step    14/   45, Loss = 0.01480233, PSNR = 18.29669831
[2023-05-21 03:19:01,536] Epoch   11/  20, Step    15/   45, Loss = 0.01784229, PSNR = 17.48549520
[2023-05-21 03:19:02,126] Epoch   11/  20, Step    16/   45, Loss = 0.00938035, PSNR = 20.27780790
[2023-05-21 03:19:02,705] Epoch   11/  20, Step    17/   45, Loss = 0.00758500, PSNR = 21.20044481
[2023-05-21 03:19:03,268] Epoch   11/  20, Step    18/   45, Loss = 0.01027468, PSNR = 19.88231642
[2023-05-21 03:19:03,824] Epoch   11/  20, Step    19/   45, Loss = 0.01051996, PSNR = 19.77985836
[2023-05-21 03:19:04,410] Epoch   11/  20, Step    20/   45, Loss = 0.01592176, PSNR = 17.98008917
[2023-05-21 03:19:04,974] Epoch   11/  20, Step    21/   45, Loss = 0.00916471, PSNR = 20.37881469
[2023-05-21 03:19:05,557] Epoch   11/  20, Step    22/   45, Loss = 0.00792023, PSNR = 21.01262217
[2023-05-21 03:19:06,116] Epoch   11/  20, Step    23/   45, Loss = 0.00964115, PSNR = 20.15871076
[2023-05-21 03:19:06,673] Epoch   11/  20, Step    24/   45, Loss = 0.01821712, PSNR = 17.39520184
[2023-05-21 03:19:07,230] Epoch   11/  20, Step    25/   45, Loss = 0.01147843, PSNR = 19.40117488
[2023-05-21 03:19:07,834] Epoch   11/  20, Step    26/   45, Loss = 0.01691643, PSNR = 17.71691341
[2023-05-21 03:19:08,412] Epoch   11/  20, Step    27/   45, Loss = 0.01237290, PSNR = 19.07528471
[2023-05-21 03:19:09,039] Epoch   11/  20, Step    28/   45, Loss = 0.01279148, PSNR = 18.93079301
[2023-05-21 03:19:09,629] Epoch   11/  20, Step    29/   45, Loss = 0.00784376, PSNR = 21.05475918
[2023-05-21 03:19:10,184] Epoch   11/  20, Step    30/   45, Loss = 0.02578539, PSNR = 15.88626353
[2023-05-21 03:19:10,762] Epoch   11/  20, Step    31/   45, Loss = 0.00367420, PSNR = 24.34837203
[2023-05-21 03:19:11,349] Epoch   11/  20, Step    32/   45, Loss = 0.01195422, PSNR = 19.22478823
[2023-05-21 03:19:11,906] Epoch   11/  20, Step    33/   45, Loss = 0.00333365, PSNR = 24.77080112
[2023-05-21 03:19:12,520] Epoch   11/  20, Step    34/   45, Loss = 0.01007417, PSNR = 19.96790511
[2023-05-21 03:19:13,089] Epoch   11/  20, Step    35/   45, Loss = 0.00968437, PSNR = 20.13928464
[2023-05-21 03:19:13,648] Epoch   11/  20, Step    36/   45, Loss = 0.03471953, PSNR = 14.59426110
[2023-05-21 03:19:14,259] Epoch   11/  20, Step    37/   45, Loss = 0.01539263, PSNR = 18.12687212
[2023-05-21 03:19:14,825] Epoch   11/  20, Step    38/   45, Loss = 0.01465570, PSNR = 18.33993407
[2023-05-21 03:19:15,382] Epoch   11/  20, Step    39/   45, Loss = 0.02112147, PSNR = 16.75275816
[2023-05-21 03:19:15,966] Epoch   11/  20, Step    40/   45, Loss = 0.01061883, PSNR = 19.73923290
[2023-05-21 03:19:16,524] Epoch   11/  20, Step    41/   45, Loss = 0.01149210, PSNR = 19.39600689
[2023-05-21 03:19:17,080] Epoch   11/  20, Step    42/   45, Loss = 0.01018650, PSNR = 19.91974974
[2023-05-21 03:19:17,654] Epoch   11/  20, Step    43/   45, Loss = 0.00745114, PSNR = 21.27777149
[2023-05-21 03:19:18,207] Epoch   11/  20, Step    44/   45, Loss = 0.02545669, PSNR = 15.94198142
[2023-05-21 03:19:18,764] Epoch   11/  20, Step    45/   45, Loss = 0.01856906, PSNR = 17.31210175
[2023-05-21 03:19:18,925] torch.cuda.memory_allocated: 0.155192GB
[2023-05-21 03:19:18,927] torch.cuda.memory_cached: 10.451172GB
[2023-05-21 03:19:18,928] AVG Epoch Loss = 0.01310152, AVG Epoch PSNR = 19.22871860
[2023-05-21 03:19:19,065] epoch11 saved!
[2023-05-21 03:19:21,427] Epoch   12/  20, Step     1/   45, Loss = 0.00784710, PSNR = 21.05290992
[2023-05-21 03:19:21,981] Epoch   12/  20, Step     2/   45, Loss = 0.01067158, PSNR = 19.71771419
[2023-05-21 03:19:22,558] Epoch   12/  20, Step     3/   45, Loss = 0.00959642, PSNR = 20.17890564
[2023-05-21 03:19:23,120] Epoch   12/  20, Step     4/   45, Loss = 0.01265189, PSNR = 18.97844703
[2023-05-21 03:19:23,779] Epoch   12/  20, Step     5/   45, Loss = 0.01215081, PSNR = 19.15394933
[2023-05-21 03:19:24,364] Epoch   12/  20, Step     6/   45, Loss = 0.01529501, PSNR = 18.15450127
[2023-05-21 03:19:24,918] Epoch   12/  20, Step     7/   45, Loss = 0.01056662, PSNR = 19.76063828
[2023-05-21 03:19:25,472] Epoch   12/  20, Step     8/   45, Loss = 0.01781847, PSNR = 17.49129555
[2023-05-21 03:19:26,027] Epoch   12/  20, Step     9/   45, Loss = 0.01413587, PSNR = 18.49677510
[2023-05-21 03:19:26,615] Epoch   12/  20, Step    10/   45, Loss = 0.01206957, PSNR = 19.18308105
[2023-05-21 03:19:27,208] Epoch   12/  20, Step    11/   45, Loss = 0.01352110, PSNR = 18.68987992
[2023-05-21 03:19:27,770] Epoch   12/  20, Step    12/   45, Loss = 0.00610447, PSNR = 22.14351954
[2023-05-21 03:19:28,352] Epoch   12/  20, Step    13/   45, Loss = 0.01724348, PSNR = 17.63375168
[2023-05-21 03:19:28,907] Epoch   12/  20, Step    14/   45, Loss = 0.01442035, PSNR = 18.41024168
[2023-05-21 03:19:29,463] Epoch   12/  20, Step    15/   45, Loss = 0.01764363, PSNR = 17.53412046
[2023-05-21 03:19:30,079] Epoch   12/  20, Step    16/   45, Loss = 0.00899892, PSNR = 20.45809734
[2023-05-21 03:19:30,684] Epoch   12/  20, Step    17/   45, Loss = 0.00743060, PSNR = 21.28976117
[2023-05-21 03:19:31,245] Epoch   12/  20, Step    18/   45, Loss = 0.00988119, PSNR = 20.05190912
[2023-05-21 03:19:31,801] Epoch   12/  20, Step    19/   45, Loss = 0.01036976, PSNR = 19.84231374
[2023-05-21 03:19:32,357] Epoch   12/  20, Step    20/   45, Loss = 0.01545770, PSNR = 18.10855152
[2023-05-21 03:19:32,916] Epoch   12/  20, Step    21/   45, Loss = 0.00904132, PSNR = 20.43768313
[2023-05-21 03:19:33,515] Epoch   12/  20, Step    22/   45, Loss = 0.00726389, PSNR = 21.38830880
[2023-05-21 03:19:34,112] Epoch   12/  20, Step    23/   45, Loss = 0.00916403, PSNR = 20.37913466
[2023-05-21 03:19:34,687] Epoch   12/  20, Step    24/   45, Loss = 0.01777156, PSNR = 17.50274431
[2023-05-21 03:19:35,242] Epoch   12/  20, Step    25/   45, Loss = 0.01121776, PSNR = 19.50093715
[2023-05-21 03:19:35,797] Epoch   12/  20, Step    26/   45, Loss = 0.01580406, PSNR = 18.01231438
[2023-05-21 03:19:36,352] Epoch   12/  20, Step    27/   45, Loss = 0.01199998, PSNR = 19.20819492
[2023-05-21 03:19:36,907] Epoch   12/  20, Step    28/   45, Loss = 0.01113182, PSNR = 19.53433996
[2023-05-21 03:19:37,548] Epoch   12/  20, Step    29/   45, Loss = 0.00727162, PSNR = 21.38368742
[2023-05-21 03:19:38,122] Epoch   12/  20, Step    30/   45, Loss = 0.02518529, PSNR = 15.98853064
[2023-05-21 03:19:38,679] Epoch   12/  20, Step    31/   45, Loss = 0.00348778, PSNR = 24.57450976
[2023-05-21 03:19:39,234] Epoch   12/  20, Step    32/   45, Loss = 0.01131945, PSNR = 19.46174742
[2023-05-21 03:19:39,793] Epoch   12/  20, Step    33/   45, Loss = 0.00319387, PSNR = 24.95683341
[2023-05-21 03:19:40,349] Epoch   12/  20, Step    34/   45, Loss = 0.00943861, PSNR = 20.25091843
[2023-05-21 03:19:40,937] Epoch   12/  20, Step    35/   45, Loss = 0.00946120, PSNR = 20.24053569
[2023-05-21 03:19:41,530] Epoch   12/  20, Step    36/   45, Loss = 0.03443230, PSNR = 14.63033974
[2023-05-21 03:19:42,090] Epoch   12/  20, Step    37/   45, Loss = 0.01499114, PSNR = 18.24165286
[2023-05-21 03:19:42,658] Epoch   12/  20, Step    38/   45, Loss = 0.01433532, PSNR = 18.43592654
[2023-05-21 03:19:43,215] Epoch   12/  20, Step    39/   45, Loss = 0.02064380, PSNR = 16.85210268
[2023-05-21 03:19:43,770] Epoch   12/  20, Step    40/   45, Loss = 0.01032191, PSNR = 19.86239990
[2023-05-21 03:19:44,354] Epoch   12/  20, Step    41/   45, Loss = 0.01089685, PSNR = 19.62699012
[2023-05-21 03:19:44,968] Epoch   12/  20, Step    42/   45, Loss = 0.01084842, PSNR = 19.64633371
[2023-05-21 03:19:45,524] Epoch   12/  20, Step    43/   45, Loss = 0.00710370, PSNR = 21.48515177
[2023-05-21 03:19:46,078] Epoch   12/  20, Step    44/   45, Loss = 0.02590209, PSNR = 15.86665213
[2023-05-21 03:19:46,634] Epoch   12/  20, Step    45/   45, Loss = 0.01816540, PSNR = 17.40754984
[2023-05-21 03:19:46,734] torch.cuda.memory_allocated: 0.155192GB
[2023-05-21 03:19:46,735] torch.cuda.memory_cached: 10.451172GB
[2023-05-21 03:19:46,736] AVG Epoch Loss = 0.01276150, AVG Epoch PSNR = 19.36013073
[2023-05-21 03:19:46,910] epoch12 saved!
[2023-05-21 03:19:49,245] Epoch   13/  20, Step     1/   45, Loss = 0.00808862, PSNR = 20.92125747
[2023-05-21 03:19:49,806] Epoch   13/  20, Step     2/   45, Loss = 0.01062472, PSNR = 19.73682667
[2023-05-21 03:19:50,393] Epoch   13/  20, Step     3/   45, Loss = 0.01014812, PSNR = 19.93614521
[2023-05-21 03:19:50,989] Epoch   13/  20, Step     4/   45, Loss = 0.01255144, PSNR = 19.01306448
[2023-05-21 03:19:51,546] Epoch   13/  20, Step     5/   45, Loss = 0.01250649, PSNR = 19.02864605
[2023-05-21 03:19:52,147] Epoch   13/  20, Step     6/   45, Loss = 0.01533761, PSNR = 18.14242345
[2023-05-21 03:19:52,707] Epoch   13/  20, Step     7/   45, Loss = 0.01138206, PSNR = 19.43778982
[2023-05-21 03:19:53,261] Epoch   13/  20, Step     8/   45, Loss = 0.01773316, PSNR = 17.51213812
[2023-05-21 03:19:53,870] Epoch   13/  20, Step     9/   45, Loss = 0.01478195, PSNR = 18.30268160
[2023-05-21 03:19:54,458] Epoch   13/  20, Step    10/   45, Loss = 0.01221383, PSNR = 19.13148132
[2023-05-21 03:19:55,019] Epoch   13/  20, Step    11/   45, Loss = 0.01409516, PSNR = 18.50930042
[2023-05-21 03:19:55,611] Epoch   13/  20, Step    12/   45, Loss = 0.00641946, PSNR = 21.92501452
[2023-05-21 03:19:56,174] Epoch   13/  20, Step    13/   45, Loss = 0.01732834, PSNR = 17.61243072
[2023-05-21 03:19:56,730] Epoch   13/  20, Step    14/   45, Loss = 0.01545905, PSNR = 18.10817160
[2023-05-21 03:19:57,327] Epoch   13/  20, Step    15/   45, Loss = 0.01737850, PSNR = 17.59987672
[2023-05-21 03:19:57,885] Epoch   13/  20, Step    16/   45, Loss = 0.00979202, PSNR = 20.09127849
[2023-05-21 03:19:58,439] Epoch   13/  20, Step    17/   45, Loss = 0.00734182, PSNR = 21.34196168
[2023-05-21 03:19:59,028] Epoch   13/  20, Step    18/   45, Loss = 0.01065464, PSNR = 19.72461356
[2023-05-21 03:19:59,589] Epoch   13/  20, Step    19/   45, Loss = 0.01051086, PSNR = 19.78361825
[2023-05-21 03:20:00,216] Epoch   13/  20, Step    20/   45, Loss = 0.01589335, PSNR = 17.98784619
[2023-05-21 03:20:00,796] Epoch   13/  20, Step    21/   45, Loss = 0.00924573, PSNR = 20.34058924
[2023-05-21 03:20:01,351] Epoch   13/  20, Step    22/   45, Loss = 0.00719366, PSNR = 21.43050042
[2023-05-21 03:20:01,912] Epoch   13/  20, Step    23/   45, Loss = 0.00934520, PSNR = 20.29411577
[2023-05-21 03:20:02,505] Epoch   13/  20, Step    24/   45, Loss = 0.01759930, PSNR = 17.54504709
[2023-05-21 03:20:03,060] Epoch   13/  20, Step    25/   45, Loss = 0.01126526, PSNR = 19.48258882
[2023-05-21 03:20:03,660] Epoch   13/  20, Step    26/   45, Loss = 0.01583522, PSNR = 18.00375848
[2023-05-21 03:20:04,253] Epoch   13/  20, Step    27/   45, Loss = 0.01197140, PSNR = 19.21855087
[2023-05-21 03:20:04,816] Epoch   13/  20, Step    28/   45, Loss = 0.01104059, PSNR = 19.57007617
[2023-05-21 03:20:05,371] Epoch   13/  20, Step    29/   45, Loss = 0.00707185, PSNR = 21.50466909
[2023-05-21 03:20:05,949] Epoch   13/  20, Step    30/   45, Loss = 0.02504640, PSNR = 16.01254740
[2023-05-21 03:20:06,511] Epoch   13/  20, Step    31/   45, Loss = 0.00346398, PSNR = 24.60424531
[2023-05-21 03:20:07,100] Epoch   13/  20, Step    32/   45, Loss = 0.01129899, PSNR = 19.46960559
[2023-05-21 03:20:07,660] Epoch   13/  20, Step    33/   45, Loss = 0.00315911, PSNR = 25.00434936
[2023-05-21 03:20:08,216] Epoch   13/  20, Step    34/   45, Loss = 0.00936659, PSNR = 20.28418551
[2023-05-21 03:20:08,772] Epoch   13/  20, Step    35/   45, Loss = 0.00933402, PSNR = 20.29931085
[2023-05-21 03:20:09,361] Epoch   13/  20, Step    36/   45, Loss = 0.03438481, PSNR = 14.63633378
[2023-05-21 03:20:09,966] Epoch   13/  20, Step    37/   45, Loss = 0.01483972, PSNR = 18.28574403
[2023-05-21 03:20:10,532] Epoch   13/  20, Step    38/   45, Loss = 0.01433147, PSNR = 18.43709113
[2023-05-21 03:20:11,087] Epoch   13/  20, Step    39/   45, Loss = 0.02042556, PSNR = 16.89826068
[2023-05-21 03:20:11,644] Epoch   13/  20, Step    40/   45, Loss = 0.01022119, PSNR = 19.90498586
[2023-05-21 03:20:12,198] Epoch   13/  20, Step    41/   45, Loss = 0.01045498, PSNR = 19.80676805
[2023-05-21 03:20:12,753] Epoch   13/  20, Step    42/   45, Loss = 0.00994100, PSNR = 20.02569905
[2023-05-21 03:20:13,393] Epoch   13/  20, Step    43/   45, Loss = 0.00699778, PSNR = 21.55039488
[2023-05-21 03:20:13,969] Epoch   13/  20, Step    44/   45, Loss = 0.02509917, PSNR = 16.00340649
[2023-05-21 03:20:14,546] Epoch   13/  20, Step    45/   45, Loss = 0.01805633, PSNR = 17.43370622
[2023-05-21 03:20:14,620] torch.cuda.memory_allocated: 0.155192GB
[2023-05-21 03:20:14,621] torch.cuda.memory_cached: 10.451172GB
[2023-05-21 03:20:14,621] AVG Epoch Loss = 0.01282734, AVG Epoch PSNR = 19.33095770
[2023-05-21 03:20:14,719] epoch13 saved!
[2023-05-21 03:20:17,130] Epoch   14/  20, Step     1/   45, Loss = 0.00751758, PSNR = 21.23922052
[2023-05-21 03:20:17,689] Epoch   14/  20, Step     2/   45, Loss = 0.01027787, PSNR = 19.88096914
[2023-05-21 03:20:18,264] Epoch   14/  20, Step     3/   45, Loss = 0.00921335, PSNR = 20.35582265
[2023-05-21 03:20:18,818] Epoch   14/  20, Step     4/   45, Loss = 0.01227756, PSNR = 19.10887792
[2023-05-21 03:20:19,376] Epoch   14/  20, Step     5/   45, Loss = 0.01192326, PSNR = 19.23604814
[2023-05-21 03:20:19,981] Epoch   14/  20, Step     6/   45, Loss = 0.01477717, PSNR = 18.30408606
[2023-05-21 03:20:20,593] Epoch   14/  20, Step     7/   45, Loss = 0.01013467, PSNR = 19.94190430
[2023-05-21 03:20:21,160] Epoch   14/  20, Step     8/   45, Loss = 0.01748882, PSNR = 17.57239434
[2023-05-21 03:20:21,718] Epoch   14/  20, Step     9/   45, Loss = 0.01393243, PSNR = 18.55973270
[2023-05-21 03:20:22,273] Epoch   14/  20, Step    10/   45, Loss = 0.01161611, PSNR = 19.34939324
[2023-05-21 03:20:22,841] Epoch   14/  20, Step    11/   45, Loss = 0.01309203, PSNR = 18.82992983
[2023-05-21 03:20:23,448] Epoch   14/  20, Step    12/   45, Loss = 0.00581941, PSNR = 22.35120968
[2023-05-21 03:20:24,062] Epoch   14/  20, Step    13/   45, Loss = 0.01708026, PSNR = 17.67505464
[2023-05-21 03:20:24,618] Epoch   14/  20, Step    14/   45, Loss = 0.01403870, PSNR = 18.52673030
[2023-05-21 03:20:25,176] Epoch   14/  20, Step    15/   45, Loss = 0.01716676, PSNR = 17.65311763
[2023-05-21 03:20:25,731] Epoch   14/  20, Step    16/   45, Loss = 0.00901875, PSNR = 20.44853789
[2023-05-21 03:20:26,293] Epoch   14/  20, Step    17/   45, Loss = 0.00702707, PSNR = 21.53225718
[2023-05-21 03:20:26,881] Epoch   14/  20, Step    18/   45, Loss = 0.01034619, PSNR = 19.85219469
[2023-05-21 03:20:27,501] Epoch   14/  20, Step    19/   45, Loss = 0.01004001, PSNR = 19.98265760
[2023-05-21 03:20:28,083] Epoch   14/  20, Step    20/   45, Loss = 0.01572953, PSNR = 18.03284311
[2023-05-21 03:20:28,653] Epoch   14/  20, Step    21/   45, Loss = 0.00911640, PSNR = 20.40176670
[2023-05-21 03:20:29,209] Epoch   14/  20, Step    22/   45, Loss = 0.00776547, PSNR = 21.09832067
[2023-05-21 03:20:29,771] Epoch   14/  20, Step    23/   45, Loss = 0.00950611, PSNR = 20.21997075
[2023-05-21 03:20:30,362] Epoch   14/  20, Step    24/   45, Loss = 0.01763573, PSNR = 17.53606671
[2023-05-21 03:20:30,927] Epoch   14/  20, Step    25/   45, Loss = 0.01155869, PSNR = 19.37091205
[2023-05-21 03:20:31,481] Epoch   14/  20, Step    26/   45, Loss = 0.01787103, PSNR = 17.47850424
[2023-05-21 03:20:32,064] Epoch   14/  20, Step    27/   45, Loss = 0.01238183, PSNR = 19.07215187
[2023-05-21 03:20:32,640] Epoch   14/  20, Step    28/   45, Loss = 0.01341388, PSNR = 18.72445552
[2023-05-21 03:20:33,228] Epoch   14/  20, Step    29/   45, Loss = 0.00751288, PSNR = 21.24193520
[2023-05-21 03:20:33,806] Epoch   14/  20, Step    30/   45, Loss = 0.02584838, PSNR = 15.87566712
[2023-05-21 03:20:34,363] Epoch   14/  20, Step    31/   45, Loss = 0.00353704, PSNR = 24.51360061
[2023-05-21 03:20:34,946] Epoch   14/  20, Step    32/   45, Loss = 0.01167054, PSNR = 19.32909080
[2023-05-21 03:20:35,523] Epoch   14/  20, Step    33/   45, Loss = 0.00319886, PSNR = 24.95005243
[2023-05-21 03:20:36,079] Epoch   14/  20, Step    34/   45, Loss = 0.00946260, PSNR = 20.23989321
[2023-05-21 03:20:36,695] Epoch   14/  20, Step    35/   45, Loss = 0.00939380, PSNR = 20.27158774
[2023-05-21 03:20:37,252] Epoch   14/  20, Step    36/   45, Loss = 0.03433582, PSNR = 14.64252553
[2023-05-21 03:20:37,808] Epoch   14/  20, Step    37/   45, Loss = 0.01515531, PSNR = 18.19435154
[2023-05-21 03:20:38,393] Epoch   14/  20, Step    38/   45, Loss = 0.01443679, PSNR = 18.40529227
[2023-05-21 03:20:38,964] Epoch   14/  20, Step    39/   45, Loss = 0.02046071, PSNR = 16.89079262
[2023-05-21 03:20:39,519] Epoch   14/  20, Step    40/   45, Loss = 0.01051774, PSNR = 19.78077659
[2023-05-21 03:20:40,105] Epoch   14/  20, Step    41/   45, Loss = 0.01037409, PSNR = 19.84050079
[2023-05-21 03:20:40,663] Epoch   14/  20, Step    42/   45, Loss = 0.00991524, PSNR = 20.03696805
[2023-05-21 03:20:41,255] Epoch   14/  20, Step    43/   45, Loss = 0.00697045, PSNR = 21.56739224
[2023-05-21 03:20:41,871] Epoch   14/  20, Step    44/   45, Loss = 0.02504506, PSNR = 16.01277866
[2023-05-21 03:20:42,427] Epoch   14/  20, Step    45/   45, Loss = 0.01799287, PSNR = 17.44899537
[2023-05-21 03:20:42,549] torch.cuda.memory_allocated: 0.155192GB
[2023-05-21 03:20:42,551] torch.cuda.memory_cached: 10.451172GB
[2023-05-21 03:20:42,552] AVG Epoch Loss = 0.01274655, AVG Epoch PSNR = 19.36838513
[2023-05-21 03:20:42,731] epoch14 saved!
[2023-05-21 03:20:44,918] Epoch   15/  20, Step     1/   45, Loss = 0.00750092, PSNR = 21.24885549
[2023-05-21 03:20:45,481] Epoch   15/  20, Step     2/   45, Loss = 0.01017368, PSNR = 19.92521836
[2023-05-21 03:20:46,087] Epoch   15/  20, Step     3/   45, Loss = 0.00917408, PSNR = 20.37437538
[2023-05-21 03:20:46,680] Epoch   15/  20, Step     4/   45, Loss = 0.01225149, PSNR = 19.11810998
[2023-05-21 03:20:47,239] Epoch   15/  20, Step     5/   45, Loss = 0.01180699, PSNR = 19.27860770
[2023-05-21 03:20:47,795] Epoch   15/  20, Step     6/   45, Loss = 0.01475594, PSNR = 18.31033090
[2023-05-21 03:20:48,364] Epoch   15/  20, Step     7/   45, Loss = 0.01006343, PSNR = 19.97253796
[2023-05-21 03:20:48,940] Epoch   15/  20, Step     8/   45, Loss = 0.01750953, PSNR = 17.56725481
[2023-05-21 03:20:49,550] Epoch   15/  20, Step     9/   45, Loss = 0.01381728, PSNR = 18.59577542
[2023-05-21 03:20:50,106] Epoch   15/  20, Step    10/   45, Loss = 0.01155879, PSNR = 19.37087740
[2023-05-21 03:20:50,661] Epoch   15/  20, Step    11/   45, Loss = 0.01307355, PSNR = 18.83606512
[2023-05-21 03:20:51,219] Epoch   15/  20, Step    12/   45, Loss = 0.00569812, PSNR = 22.44268392
[2023-05-21 03:20:51,784] Epoch   15/  20, Step    13/   45, Loss = 0.01700097, PSNR = 17.69526407
[2023-05-21 03:20:52,412] Epoch   15/  20, Step    14/   45, Loss = 0.01401002, PSNR = 18.53561142
[2023-05-21 03:20:53,116] Epoch   15/  20, Step    15/   45, Loss = 0.01699060, PSNR = 17.69791328
[2023-05-21 03:20:53,685] Epoch   15/  20, Step    16/   45, Loss = 0.00856896, PSNR = 20.67071919
[2023-05-21 03:20:54,240] Epoch   15/  20, Step    17/   45, Loss = 0.00707672, PSNR = 21.50167944
[2023-05-21 03:20:54,794] Epoch   15/  20, Step    18/   45, Loss = 0.00955663, PSNR = 20.19695284
[2023-05-21 03:20:55,379] Epoch   15/  20, Step    19/   45, Loss = 0.01000706, PSNR = 19.99693288
[2023-05-21 03:20:55,986] Epoch   15/  20, Step    20/   45, Loss = 0.01491928, PSNR = 18.26252052
[2023-05-21 03:20:56,588] Epoch   15/  20, Step    21/   45, Loss = 0.00878950, PSNR = 20.56036003
[2023-05-21 03:20:57,146] Epoch   15/  20, Step    22/   45, Loss = 0.00678531, PSNR = 21.68429986
[2023-05-21 03:20:57,714] Epoch   15/  20, Step    23/   45, Loss = 0.00861267, PSNR = 20.64862286
[2023-05-21 03:20:58,269] Epoch   15/  20, Step    24/   45, Loss = 0.01720990, PSNR = 17.64221592
[2023-05-21 03:20:58,826] Epoch   15/  20, Step    25/   45, Loss = 0.01104667, PSNR = 19.56768751
[2023-05-21 03:20:59,433] Epoch   15/  20, Step    26/   45, Loss = 0.01555957, PSNR = 18.08002489
[2023-05-21 03:21:00,055] Epoch   15/  20, Step    27/   45, Loss = 0.01164594, PSNR = 19.33825343
[2023-05-21 03:21:00,612] Epoch   15/  20, Step    28/   45, Loss = 0.01050578, PSNR = 19.78571674
[2023-05-21 03:21:01,168] Epoch   15/  20, Step    29/   45, Loss = 0.00658018, PSNR = 21.81762194
[2023-05-21 03:21:01,723] Epoch   15/  20, Step    30/   45, Loss = 0.02493208, PSNR = 16.03241538
[2023-05-21 03:21:02,278] Epoch   15/  20, Step    31/   45, Loss = 0.00332570, PSNR = 24.78116344
[2023-05-21 03:21:02,872] Epoch   15/  20, Step    32/   45, Loss = 0.01086072, PSNR = 19.64141543
[2023-05-21 03:21:03,487] Epoch   15/  20, Step    33/   45, Loss = 0.00293927, PSNR = 25.31759917
[2023-05-21 03:21:04,043] Epoch   15/  20, Step    34/   45, Loss = 0.00889252, PSNR = 20.50975315
[2023-05-21 03:21:04,621] Epoch   15/  20, Step    35/   45, Loss = 0.00906757, PSNR = 20.42509313
[2023-05-21 03:21:05,178] Epoch   15/  20, Step    36/   45, Loss = 0.03411805, PSNR = 14.67015813
[2023-05-21 03:21:05,735] Epoch   15/  20, Step    37/   45, Loss = 0.01463540, PSNR = 18.34595461
[2023-05-21 03:21:06,311] Epoch   15/  20, Step    38/   45, Loss = 0.01388512, PSNR = 18.57450481
[2023-05-21 03:21:06,877] Epoch   15/  20, Step    39/   45, Loss = 0.02024975, PSNR = 16.93580244
[2023-05-21 03:21:07,431] Epoch   15/  20, Step    40/   45, Loss = 0.00988929, PSNR = 20.04834899
[2023-05-21 03:21:07,986] Epoch   15/  20, Step    41/   45, Loss = 0.01041689, PSNR = 19.82262018
[2023-05-21 03:21:08,540] Epoch   15/  20, Step    42/   45, Loss = 0.01062649, PSNR = 19.73610343
[2023-05-21 03:21:09,140] Epoch   15/  20, Step    43/   45, Loss = 0.00675624, PSNR = 21.70294720
[2023-05-21 03:21:09,723] Epoch   15/  20, Step    44/   45, Loss = 0.02560347, PSNR = 15.91701244
[2023-05-21 03:21:10,298] Epoch   15/  20, Step    45/   45, Loss = 0.01767185, PSNR = 17.52717902
[2023-05-21 03:21:10,389] torch.cuda.memory_allocated: 0.155192GB
[2023-05-21 03:21:10,390] torch.cuda.memory_cached: 10.451172GB
[2023-05-21 03:21:10,390] AVG Epoch Loss = 0.01235822, AVG Epoch PSNR = 19.52691467
[2023-05-21 03:21:10,497] epoch15 saved!
[2023-05-21 03:21:12,763] Epoch   16/  20, Step     1/   45, Loss = 0.00780020, PSNR = 21.07894416
[2023-05-21 03:21:13,342] Epoch   16/  20, Step     2/   45, Loss = 0.01030360, PSNR = 19.87011098
[2023-05-21 03:21:13,984] Epoch   16/  20, Step     3/   45, Loss = 0.00978070, PSNR = 20.09629924
[2023-05-21 03:21:14,541] Epoch   16/  20, Step     4/   45, Loss = 0.01218392, PSNR = 19.14212977
[2023-05-21 03:21:15,102] Epoch   16/  20, Step     5/   45, Loss = 0.01219345, PSNR = 19.13873274
[2023-05-21 03:21:15,708] Epoch   16/  20, Step     6/   45, Loss = 0.01495221, PSNR = 18.25294591
[2023-05-21 03:21:16,265] Epoch   16/  20, Step     7/   45, Loss = 0.01090095, PSNR = 19.62535650
[2023-05-21 03:21:16,819] Epoch   16/  20, Step     8/   45, Loss = 0.01747248, PSNR = 17.57645461
[2023-05-21 03:21:17,441] Epoch   16/  20, Step     9/   45, Loss = 0.01434835, PSNR = 18.43198024
[2023-05-21 03:21:17,997] Epoch   16/  20, Step    10/   45, Loss = 0.01190557, PSNR = 19.24249890
[2023-05-21 03:21:18,577] Epoch   16/  20, Step    11/   45, Loss = 0.01364146, PSNR = 18.65139180
[2023-05-21 03:21:19,171] Epoch   16/  20, Step    12/   45, Loss = 0.00622352, PSNR = 22.05963632
[2023-05-21 03:21:19,734] Epoch   16/  20, Step    13/   45, Loss = 0.01710046, PSNR = 17.66992091
[2023-05-21 03:21:20,291] Epoch   16/  20, Step    14/   45, Loss = 0.01487972, PSNR = 18.27405124
[2023-05-21 03:21:20,864] Epoch   16/  20, Step    15/   45, Loss = 0.01666639, PSNR = 17.78158363
[2023-05-21 03:21:21,424] Epoch   16/  20, Step    16/   45, Loss = 0.00942141, PSNR = 20.25884051
[2023-05-21 03:21:22,037] Epoch   16/  20, Step    17/   45, Loss = 0.00683198, PSNR = 21.65453512
[2023-05-21 03:21:22,596] Epoch   16/  20, Step    18/   45, Loss = 0.01020878, PSNR = 19.91026316
[2023-05-21 03:21:23,178] Epoch   16/  20, Step    19/   45, Loss = 0.01013784, PSNR = 19.94054400
[2023-05-21 03:21:23,736] Epoch   16/  20, Step    20/   45, Loss = 0.01532646, PSNR = 18.14558226
[2023-05-21 03:21:24,345] Epoch   16/  20, Step    21/   45, Loss = 0.00898109, PSNR = 20.46670860
[2023-05-21 03:21:24,907] Epoch   16/  20, Step    22/   45, Loss = 0.00668589, PSNR = 21.74840877
[2023-05-21 03:21:25,512] Epoch   16/  20, Step    23/   45, Loss = 0.00879821, PSNR = 20.55605495
[2023-05-21 03:21:26,067] Epoch   16/  20, Step    24/   45, Loss = 0.01704197, PSNR = 17.68480297
[2023-05-21 03:21:26,624] Epoch   16/  20, Step    25/   45, Loss = 0.01111311, PSNR = 19.54164533
[2023-05-21 03:21:27,181] Epoch   16/  20, Step    26/   45, Loss = 0.01559082, PSNR = 18.07130978
[2023-05-21 03:21:27,784] Epoch   16/  20, Step    27/   45, Loss = 0.01161359, PSNR = 19.35033556
[2023-05-21 03:21:28,382] Epoch   16/  20, Step    28/   45, Loss = 0.01047625, PSNR = 19.79794254
[2023-05-21 03:21:28,945] Epoch   16/  20, Step    29/   45, Loss = 0.00650379, PSNR = 21.86833511
[2023-05-21 03:21:29,499] Epoch   16/  20, Step    30/   45, Loss = 0.02472539, PSNR = 16.06856872
[2023-05-21 03:21:30,057] Epoch   16/  20, Step    31/   45, Loss = 0.00330424, PSNR = 24.80929050
[2023-05-21 03:21:30,613] Epoch   16/  20, Step    32/   45, Loss = 0.01092283, PSNR = 19.61664804
[2023-05-21 03:21:31,204] Epoch   16/  20, Step    33/   45, Loss = 0.00287792, PSNR = 25.40920941
[2023-05-21 03:21:31,834] Epoch   16/  20, Step    34/   45, Loss = 0.00894835, PSNR = 20.48256841
[2023-05-21 03:21:32,420] Epoch   16/  20, Step    35/   45, Loss = 0.00887930, PSNR = 20.51621260
[2023-05-21 03:21:32,976] Epoch   16/  20, Step    36/   45, Loss = 0.03423502, PSNR = 14.65529424
[2023-05-21 03:21:33,552] Epoch   16/  20, Step    37/   45, Loss = 0.01453126, PSNR = 18.37696772
[2023-05-21 03:21:34,106] Epoch   16/  20, Step    38/   45, Loss = 0.01402488, PSNR = 18.53100853
[2023-05-21 03:21:34,662] Epoch   16/  20, Step    39/   45, Loss = 0.01989635, PSNR = 17.01226611
[2023-05-21 03:21:35,268] Epoch   16/  20, Step    40/   45, Loss = 0.00988323, PSNR = 20.05101155
[2023-05-21 03:21:35,882] Epoch   16/  20, Step    41/   45, Loss = 0.00992047, PSNR = 20.03467938
[2023-05-21 03:21:36,440] Epoch   16/  20, Step    42/   45, Loss = 0.00973458, PSNR = 20.11682851
[2023-05-21 03:21:37,011] Epoch   16/  20, Step    43/   45, Loss = 0.00674961, PSNR = 21.70721174
[2023-05-21 03:21:37,567] Epoch   16/  20, Step    44/   45, Loss = 0.02478560, PSNR = 16.05800488
[2023-05-21 03:21:38,131] Epoch   16/  20, Step    45/   45, Loss = 0.01765446, PSNR = 17.53145472
[2023-05-21 03:21:38,318] torch.cuda.memory_allocated: 0.155192GB
[2023-05-21 03:21:38,321] torch.cuda.memory_cached: 10.451172GB
[2023-05-21 03:21:38,323] AVG Epoch Loss = 0.01244795, AVG Epoch PSNR = 19.48587935
[2023-05-21 03:21:38,512] epoch16 saved!
[2023-05-21 03:21:40,801] Epoch   17/  20, Step     1/   45, Loss = 0.00724334, PSNR = 21.40061023
[2023-05-21 03:21:41,359] Epoch   17/  20, Step     2/   45, Loss = 0.01002097, PSNR = 19.99090343
[2023-05-21 03:21:41,959] Epoch   17/  20, Step     3/   45, Loss = 0.00886876, PSNR = 20.52136894
[2023-05-21 03:21:42,547] Epoch   17/  20, Step     4/   45, Loss = 0.01196905, PSNR = 19.21940473
[2023-05-21 03:21:43,113] Epoch   17/  20, Step     5/   45, Loss = 0.01165426, PSNR = 19.33515380
[2023-05-21 03:21:43,671] Epoch   17/  20, Step     6/   45, Loss = 0.01430294, PSNR = 18.44574793
[2023-05-21 03:21:44,227] Epoch   17/  20, Step     7/   45, Loss = 0.00977383, PSNR = 20.09935387
[2023-05-21 03:21:44,783] Epoch   17/  20, Step     8/   45, Loss = 0.01712274, PSNR = 17.66426787
[2023-05-21 03:21:45,384] Epoch   17/  20, Step     9/   45, Loss = 0.01366566, PSNR = 18.64369350
[2023-05-21 03:21:45,981] Epoch   17/  20, Step    10/   45, Loss = 0.01117073, PSNR = 19.51918300
[2023-05-21 03:21:46,569] Epoch   17/  20, Step    11/   45, Loss = 0.01273795, PSNR = 18.94900386
[2023-05-21 03:21:47,136] Epoch   17/  20, Step    12/   45, Loss = 0.00556372, PSNR = 22.54634361
[2023-05-21 03:21:47,694] Epoch   17/  20, Step    13/   45, Loss = 0.01687906, PSNR = 17.72651711
[2023-05-21 03:21:48,275] Epoch   17/  20, Step    14/   45, Loss = 0.01364877, PSNR = 18.64906342
[2023-05-21 03:21:48,842] Epoch   17/  20, Step    15/   45, Loss = 0.01666228, PSNR = 17.78265497
[2023-05-21 03:21:49,421] Epoch   17/  20, Step    16/   45, Loss = 0.00826186, PSNR = 20.82922199
[2023-05-21 03:21:49,985] Epoch   17/  20, Step    17/   45, Loss = 0.00659901, PSNR = 21.80521522
[2023-05-21 03:21:50,588] Epoch   17/  20, Step    18/   45, Loss = 0.00928488, PSNR = 20.32223661
[2023-05-21 03:21:51,146] Epoch   17/  20, Step    19/   45, Loss = 0.00965738, PSNR = 20.15140672
[2023-05-21 03:21:51,762] Epoch   17/  20, Step    20/   45, Loss = 0.01459047, PSNR = 18.35930714
[2023-05-21 03:21:52,334] Epoch   17/  20, Step    21/   45, Loss = 0.00861433, PSNR = 20.64778420
[2023-05-21 03:21:52,892] Epoch   17/  20, Step    22/   45, Loss = 0.00647408, PSNR = 21.88821999
[2023-05-21 03:21:53,461] Epoch   17/  20, Step    23/   45, Loss = 0.00824043, PSNR = 20.84050289
[2023-05-21 03:21:54,069] Epoch   17/  20, Step    24/   45, Loss = 0.01665390, PSNR = 17.78484168
[2023-05-21 03:21:54,723] Epoch   17/  20, Step    25/   45, Loss = 0.01104128, PSNR = 19.56980398
[2023-05-21 03:21:55,306] Epoch   17/  20, Step    26/   45, Loss = 0.01552029, PSNR = 18.09100233
[2023-05-21 03:21:55,864] Epoch   17/  20, Step    27/   45, Loss = 0.01144119, PSNR = 19.41528951
[2023-05-21 03:21:56,423] Epoch   17/  20, Step    28/   45, Loss = 0.01014690, PSNR = 19.93666417
[2023-05-21 03:21:56,983] Epoch   17/  20, Step    29/   45, Loss = 0.00648622, PSNR = 21.88008618
[2023-05-21 03:21:57,567] Epoch   17/  20, Step    30/   45, Loss = 0.02459794, PSNR = 16.09101311
[2023-05-21 03:21:58,179] Epoch   17/  20, Step    31/   45, Loss = 0.00321882, PSNR = 24.92303894
[2023-05-21 03:21:58,736] Epoch   17/  20, Step    32/   45, Loss = 0.01116130, PSNR = 19.52285241
[2023-05-21 03:21:59,309] Epoch   17/  20, Step    33/   45, Loss = 0.00271049, PSNR = 25.66952262
[2023-05-21 03:21:59,876] Epoch   17/  20, Step    34/   45, Loss = 0.00865472, PSNR = 20.62746830
[2023-05-21 03:22:00,435] Epoch   17/  20, Step    35/   45, Loss = 0.00890994, PSNR = 20.50125322
[2023-05-21 03:22:01,054] Epoch   17/  20, Step    36/   45, Loss = 0.03403573, PSNR = 14.68064869
[2023-05-21 03:22:01,622] Epoch   17/  20, Step    37/   45, Loss = 0.01438168, PSNR = 18.42190528
[2023-05-21 03:22:02,177] Epoch   17/  20, Step    38/   45, Loss = 0.01376064, PSNR = 18.61361505
[2023-05-21 03:22:02,738] Epoch   17/  20, Step    39/   45, Loss = 0.01976014, PSNR = 17.04210080
[2023-05-21 03:22:03,296] Epoch   17/  20, Step    40/   45, Loss = 0.00969761, PSNR = 20.13335179
[2023-05-21 03:22:03,877] Epoch   17/  20, Step    41/   45, Loss = 0.00981798, PSNR = 20.07977764
[2023-05-21 03:22:04,553] Epoch   17/  20, Step    42/   45, Loss = 0.00958691, PSNR = 20.18321528
[2023-05-21 03:22:05,161] Epoch   17/  20, Step    43/   45, Loss = 0.00658138, PSNR = 21.81683277
[2023-05-21 03:22:05,718] Epoch   17/  20, Step    44/   45, Loss = 0.02478681, PSNR = 16.05779404
[2023-05-21 03:22:06,277] Epoch   17/  20, Step    45/   45, Loss = 0.01713635, PSNR = 17.66081764
[2023-05-21 03:22:06,377] torch.cuda.memory_allocated: 0.155192GB
[2023-05-21 03:22:06,378] torch.cuda.memory_cached: 10.451172GB
[2023-05-21 03:22:06,378] AVG Epoch Loss = 0.01206877, AVG Epoch PSNR = 19.64533468
[2023-05-21 03:22:06,478] epoch17 saved!
[2023-05-21 03:22:09,243] Epoch   18/  20, Step     1/   45, Loss = 0.00730729, PSNR = 21.36243651
[2023-05-21 03:22:09,829] Epoch   18/  20, Step     2/   45, Loss = 0.00998081, PSNR = 20.00834258
[2023-05-21 03:22:10,386] Epoch   18/  20, Step     3/   45, Loss = 0.00877199, PSNR = 20.56901897
[2023-05-21 03:22:11,002] Epoch   18/  20, Step     4/   45, Loss = 0.01169578, PSNR = 19.31970849
[2023-05-21 03:22:11,603] Epoch   18/  20, Step     5/   45, Loss = 0.01182223, PSNR = 19.27300692
[2023-05-21 03:22:12,169] Epoch   18/  20, Step     6/   45, Loss = 0.01409214, PSNR = 18.51023054
[2023-05-21 03:22:12,724] Epoch   18/  20, Step     7/   45, Loss = 0.00951666, PSNR = 20.21515568
[2023-05-21 03:22:13,281] Epoch   18/  20, Step     8/   45, Loss = 0.01692944, PSNR = 17.71357498
[2023-05-21 03:22:13,836] Epoch   18/  20, Step     9/   45, Loss = 0.01370484, PSNR = 18.63126175
[2023-05-21 03:22:14,449] Epoch   18/  20, Step    10/   45, Loss = 0.01116160, PSNR = 19.52273427
[2023-05-21 03:22:15,088] Epoch   18/  20, Step    11/   45, Loss = 0.01262090, PSNR = 18.98909680
[2023-05-21 03:22:15,650] Epoch   18/  20, Step    12/   45, Loss = 0.00561503, PSNR = 22.50647707
[2023-05-21 03:22:16,207] Epoch   18/  20, Step    13/   45, Loss = 0.01685548, PSNR = 17.73258920
[2023-05-21 03:22:16,764] Epoch   18/  20, Step    14/   45, Loss = 0.01322200, PSNR = 18.78702982
[2023-05-21 03:22:17,327] Epoch   18/  20, Step    15/   45, Loss = 0.01648159, PSNR = 17.83001004
[2023-05-21 03:22:17,978] Epoch   18/  20, Step    16/   45, Loss = 0.00820356, PSNR = 20.85997813
[2023-05-21 03:22:18,582] Epoch   18/  20, Step    17/   45, Loss = 0.00621522, PSNR = 22.06543146
[2023-05-21 03:22:19,141] Epoch   18/  20, Step    18/   45, Loss = 0.00937758, PSNR = 20.27909043
[2023-05-21 03:22:19,697] Epoch   18/  20, Step    19/   45, Loss = 0.00939647, PSNR = 20.27035348
[2023-05-21 03:22:20,255] Epoch   18/  20, Step    20/   45, Loss = 0.01426689, PSNR = 18.45670616
[2023-05-21 03:22:20,825] Epoch   18/  20, Step    21/   45, Loss = 0.00884655, PSNR = 20.53225960
[2023-05-21 03:22:21,440] Epoch   18/  20, Step    22/   45, Loss = 0.00633044, PSNR = 21.98566115
[2023-05-21 03:22:22,052] Epoch   18/  20, Step    23/   45, Loss = 0.00876393, PSNR = 20.57301293
[2023-05-21 03:22:22,626] Epoch   18/  20, Step    24/   45, Loss = 0.01645004, PSNR = 17.83833041
[2023-05-21 03:22:23,195] Epoch   18/  20, Step    25/   45, Loss = 0.01096199, PSNR = 19.60110640
[2023-05-21 03:22:23,753] Epoch   18/  20, Step    26/   45, Loss = 0.01505898, PSNR = 18.22204488
[2023-05-21 03:22:24,309] Epoch   18/  20, Step    27/   45, Loss = 0.01137712, PSNR = 19.43967575
[2023-05-21 03:22:24,916] Epoch   18/  20, Step    28/   45, Loss = 0.00995580, PSNR = 20.01923749
[2023-05-21 03:22:25,519] Epoch   18/  20, Step    29/   45, Loss = 0.00604656, PSNR = 22.18491557
[2023-05-21 03:22:26,080] Epoch   18/  20, Step    30/   45, Loss = 0.02453820, PSNR = 16.10157226
[2023-05-21 03:22:26,674] Epoch   18/  20, Step    31/   45, Loss = 0.00323731, PSNR = 24.89816135
[2023-05-21 03:22:27,235] Epoch   18/  20, Step    32/   45, Loss = 0.01138943, PSNR = 19.43498129
[2023-05-21 03:22:27,838] Epoch   18/  20, Step    33/   45, Loss = 0.00281954, PSNR = 25.49821671
[2023-05-21 03:22:28,423] Epoch   18/  20, Step    34/   45, Loss = 0.00869981, PSNR = 20.60490040
[2023-05-21 03:22:29,022] Epoch   18/  20, Step    35/   45, Loss = 0.00925096, PSNR = 20.33813051
[2023-05-21 03:22:29,580] Epoch   18/  20, Step    36/   45, Loss = 0.03396908, PSNR = 14.68916238
[2023-05-21 03:22:30,163] Epoch   18/  20, Step    37/   45, Loss = 0.01478916, PSNR = 18.30056483
[2023-05-21 03:22:30,720] Epoch   18/  20, Step    38/   45, Loss = 0.01368538, PSNR = 18.63743106
[2023-05-21 03:22:31,327] Epoch   18/  20, Step    39/   45, Loss = 0.02010268, PSNR = 16.96746046
[2023-05-21 03:22:31,893] Epoch   18/  20, Step    40/   45, Loss = 0.00978638, PSNR = 20.09377946
[2023-05-21 03:22:32,481] Epoch   18/  20, Step    41/   45, Loss = 0.01033397, PSNR = 19.85732874
[2023-05-21 03:22:33,041] Epoch   18/  20, Step    42/   45, Loss = 0.01098849, PSNR = 19.59061883
[2023-05-21 03:22:33,598] Epoch   18/  20, Step    43/   45, Loss = 0.00650033, PSNR = 21.87064420
[2023-05-21 03:22:34,160] Epoch   18/  20, Step    44/   45, Loss = 0.02576247, PSNR = 15.89012494
[2023-05-21 03:22:34,754] Epoch   18/  20, Step    45/   45, Loss = 0.01721360, PSNR = 17.64128299
[2023-05-21 03:22:34,863] torch.cuda.memory_allocated: 0.155192GB
[2023-05-21 03:22:34,864] torch.cuda.memory_cached: 10.451172GB
[2023-05-21 03:22:34,864] AVG Epoch Loss = 0.01209102, AVG Epoch PSNR = 19.63806306
[2023-05-21 03:22:34,963] epoch18 saved!
[2023-05-21 03:22:37,572] Epoch   19/  20, Step     1/   45, Loss = 0.00799635, PSNR = 20.97107974
[2023-05-21 03:22:38,151] Epoch   19/  20, Step     2/   45, Loss = 0.01015681, PSNR = 19.93242779
[2023-05-21 03:22:38,709] Epoch   19/  20, Step     3/   45, Loss = 0.00990691, PSNR = 20.04061930
[2023-05-21 03:22:39,303] Epoch   19/  20, Step     4/   45, Loss = 0.01189654, PSNR = 19.24579350
[2023-05-21 03:22:39,865] Epoch   19/  20, Step     5/   45, Loss = 0.01235034, PSNR = 19.08321040
[2023-05-21 03:22:40,423] Epoch   19/  20, Step     6/   45, Loss = 0.01485478, PSNR = 18.28133682
[2023-05-21 03:22:41,037] Epoch   19/  20, Step     7/   45, Loss = 0.01093924, PSNR = 19.61012979
[2023-05-21 03:22:41,607] Epoch   19/  20, Step     8/   45, Loss = 0.01734580, PSNR = 17.60805547
[2023-05-21 03:22:42,172] Epoch   19/  20, Step     9/   45, Loss = 0.01407457, PSNR = 18.51564878
[2023-05-21 03:22:42,778] Epoch   19/  20, Step    10/   45, Loss = 0.01216761, PSNR = 19.14794578
[2023-05-21 03:22:43,335] Epoch   19/  20, Step    11/   45, Loss = 0.01360649, PSNR = 18.66253875
[2023-05-21 03:22:43,914] Epoch   19/  20, Step    12/   45, Loss = 0.00631259, PSNR = 21.99792475
[2023-05-21 03:22:44,488] Epoch   19/  20, Step    13/   45, Loss = 0.01687449, PSNR = 17.72769288
[2023-05-21 03:22:45,051] Epoch   19/  20, Step    14/   45, Loss = 0.01466398, PSNR = 18.33748158
[2023-05-21 03:22:45,632] Epoch   19/  20, Step    15/   45, Loss = 0.01631473, PSNR = 17.87420108
[2023-05-21 03:22:46,228] Epoch   19/  20, Step    16/   45, Loss = 0.00934290, PSNR = 20.29518494
[2023-05-21 03:22:46,789] Epoch   19/  20, Step    17/   45, Loss = 0.00685086, PSNR = 21.64255050
[2023-05-21 03:22:47,414] Epoch   19/  20, Step    18/   45, Loss = 0.00998865, PSNR = 20.00493337
[2023-05-21 03:22:47,986] Epoch   19/  20, Step    19/   45, Loss = 0.01021704, PSNR = 19.90675111
[2023-05-21 03:22:48,544] Epoch   19/  20, Step    20/   45, Loss = 0.01468260, PSNR = 18.33196887
[2023-05-21 03:22:49,102] Epoch   19/  20, Step    21/   45, Loss = 0.00917336, PSNR = 20.37471752
[2023-05-21 03:22:49,663] Epoch   19/  20, Step    22/   45, Loss = 0.00641358, PSNR = 21.92899521
[2023-05-21 03:22:50,284] Epoch   19/  20, Step    23/   45, Loss = 0.00868222, PSNR = 20.61369388
[2023-05-21 03:22:50,896] Epoch   19/  20, Step    24/   45, Loss = 0.01661241, PSNR = 17.79567442
[2023-05-21 03:22:51,459] Epoch   19/  20, Step    25/   45, Loss = 0.01103155, PSNR = 19.57363302
[2023-05-21 03:22:52,022] Epoch   19/  20, Step    26/   45, Loss = 0.01596292, PSNR = 17.96887633
[2023-05-21 03:22:52,596] Epoch   19/  20, Step    27/   45, Loss = 0.01139570, PSNR = 19.43259124
[2023-05-21 03:22:53,159] Epoch   19/  20, Step    28/   45, Loss = 0.01037649, PSNR = 19.83949735
[2023-05-21 03:22:53,816] Epoch   19/  20, Step    29/   45, Loss = 0.00618194, PSNR = 22.08875118
[2023-05-21 03:22:54,396] Epoch   19/  20, Step    30/   45, Loss = 0.02460861, PSNR = 16.08912913
[2023-05-21 03:22:55,043] Epoch   19/  20, Step    31/   45, Loss = 0.00322755, PSNR = 24.91126510
[2023-05-21 03:22:55,604] Epoch   19/  20, Step    32/   45, Loss = 0.01048449, PSNR = 19.79452591
[2023-05-21 03:22:56,162] Epoch   19/  20, Step    33/   45, Loss = 0.00284125, PSNR = 25.46490154
[2023-05-21 03:22:56,721] Epoch   19/  20, Step    34/   45, Loss = 0.00872817, PSNR = 20.59077043
[2023-05-21 03:22:57,346] Epoch   19/  20, Step    35/   45, Loss = 0.00868746, PSNR = 20.61107422
[2023-05-21 03:22:57,952] Epoch   19/  20, Step    36/   45, Loss = 0.03397576, PSNR = 14.68830850
[2023-05-21 03:22:58,525] Epoch   19/  20, Step    37/   45, Loss = 0.01435961, PSNR = 18.42857266
[2023-05-21 03:22:59,098] Epoch   19/  20, Step    38/   45, Loss = 0.01356751, PSNR = 18.67499997
[2023-05-21 03:22:59,681] Epoch   19/  20, Step    39/   45, Loss = 0.01985012, PSNR = 17.02236865
[2023-05-21 03:23:00,243] Epoch   19/  20, Step    40/   45, Loss = 0.00959279, PSNR = 20.18055182
[2023-05-21 03:23:00,849] Epoch   19/  20, Step    41/   45, Loss = 0.00972136, PSNR = 20.12273091
[2023-05-21 03:23:01,456] Epoch   19/  20, Step    42/   45, Loss = 0.00941389, PSNR = 20.26231028
[2023-05-21 03:23:02,018] Epoch   19/  20, Step    43/   45, Loss = 0.00662467, PSNR = 21.78835522
[2023-05-21 03:23:02,579] Epoch   19/  20, Step    44/   45, Loss = 0.02457196, PSNR = 16.09560219
[2023-05-21 03:23:03,143] Epoch   19/  20, Step    45/   45, Loss = 0.01740991, PSNR = 17.59203440
[2023-05-21 03:23:03,268] torch.cuda.memory_allocated: 0.155192GB
[2023-05-21 03:23:03,269] torch.cuda.memory_cached: 10.451172GB
[2023-05-21 03:23:03,270] AVG Epoch Loss = 0.01231197, AVG Epoch PSNR = 19.53669792
[2023-05-21 03:23:03,455] epoch19 saved!
[2023-05-21 03:23:05,958] Epoch   20/  20, Step     1/   45, Loss = 0.00710896, PSNR = 21.48193740
[2023-05-21 03:23:06,526] Epoch   20/  20, Step     2/   45, Loss = 0.00964546, PSNR = 20.15677048
[2023-05-21 03:23:07,095] Epoch   20/  20, Step     3/   45, Loss = 0.00859874, PSNR = 20.65565313
[2023-05-21 03:23:07,700] Epoch   20/  20, Step     4/   45, Loss = 0.01167818, PSNR = 19.32625018
[2023-05-21 03:23:08,301] Epoch   20/  20, Step     5/   45, Loss = 0.01149765, PSNR = 19.39390834
[2023-05-21 03:23:08,870] Epoch   20/  20, Step     6/   45, Loss = 0.01389016, PSNR = 18.57292598
[2023-05-21 03:23:09,439] Epoch   20/  20, Step     7/   45, Loss = 0.00949252, PSNR = 20.22618298
[2023-05-21 03:23:10,007] Epoch   20/  20, Step     8/   45, Loss = 0.01692103, PSNR = 17.71573243
[2023-05-21 03:23:10,564] Epoch   20/  20, Step     9/   45, Loss = 0.01345958, PSNR = 18.70968431
[2023-05-21 03:23:11,156] Epoch   20/  20, Step    10/   45, Loss = 0.01085656, PSNR = 19.64307671
[2023-05-21 03:23:11,784] Epoch   20/  20, Step    11/   45, Loss = 0.01257778, PSNR = 19.00396084
[2023-05-21 03:23:12,343] Epoch   20/  20, Step    12/   45, Loss = 0.00528215, PSNR = 22.77189299
[2023-05-21 03:23:12,906] Epoch   20/  20, Step    13/   45, Loss = 0.01666005, PSNR = 17.78323614
[2023-05-21 03:23:13,462] Epoch   20/  20, Step    14/   45, Loss = 0.01347293, PSNR = 18.70537900
[2023-05-21 03:23:14,017] Epoch   20/  20, Step    15/   45, Loss = 0.01618235, PSNR = 17.90958310
[2023-05-21 03:23:14,599] Epoch   20/  20, Step    16/   45, Loss = 0.00804149, PSNR = 20.94663732
[2023-05-21 03:23:15,215] Epoch   20/  20, Step    17/   45, Loss = 0.00622968, PSNR = 22.05534551
[2023-05-21 03:23:15,775] Epoch   20/  20, Step    18/   45, Loss = 0.00894039, PSNR = 20.48643476
[2023-05-21 03:23:16,329] Epoch   20/  20, Step    19/   45, Loss = 0.00929754, PSNR = 20.31631882
[2023-05-21 03:23:16,885] Epoch   20/  20, Step    20/   45, Loss = 0.01409500, PSNR = 18.50935006
[2023-05-21 03:23:17,465] Epoch   20/  20, Step    21/   45, Loss = 0.00849472, PSNR = 20.70850843
[2023-05-21 03:23:18,064] Epoch   20/  20, Step    22/   45, Loss = 0.00619222, PSNR = 22.08153596
[2023-05-21 03:23:18,675] Epoch   20/  20, Step    23/   45, Loss = 0.00795481, PSNR = 20.99370199
[2023-05-21 03:23:19,235] Epoch   20/  20, Step    24/   45, Loss = 0.01634975, PSNR = 17.86488992
[2023-05-21 03:23:19,793] Epoch   20/  20, Step    25/   45, Loss = 0.01090315, PSNR = 19.62447945
[2023-05-21 03:23:20,348] Epoch   20/  20, Step    26/   45, Loss = 0.01524251, PSNR = 18.16943418
[2023-05-21 03:23:20,909] Epoch   20/  20, Step    27/   45, Loss = 0.01121504, PSNR = 19.50199300
[2023-05-21 03:23:21,499] Epoch   20/  20, Step    28/   45, Loss = 0.00972707, PSNR = 20.12017746
[2023-05-21 03:23:22,095] Epoch   20/  20, Step    29/   45, Loss = 0.00589514, PSNR = 22.29505834
[2023-05-21 03:23:22,672] Epoch   20/  20, Step    30/   45, Loss = 0.02461688, PSNR = 16.08766952
[2023-05-21 03:23:23,238] Epoch   20/  20, Step    31/   45, Loss = 0.00311199, PSNR = 25.06961979
[2023-05-21 03:23:23,800] Epoch   20/  20, Step    32/   45, Loss = 0.01036035, PSNR = 19.84625499
[2023-05-21 03:23:24,434] Epoch   20/  20, Step    33/   45, Loss = 0.00265305, PSNR = 25.76255251
[2023-05-21 03:23:24,994] Epoch   20/  20, Step    34/   45, Loss = 0.00840930, PSNR = 20.75240400
[2023-05-21 03:23:25,550] Epoch   20/  20, Step    35/   45, Loss = 0.00858562, PSNR = 20.66228586
[2023-05-21 03:23:26,106] Epoch   20/  20, Step    36/   45, Loss = 0.03385613, PSNR = 14.70362720
[2023-05-21 03:23:26,728] Epoch   20/  20, Step    37/   45, Loss = 0.01420564, PSNR = 18.47539133
[2023-05-21 03:23:27,288] Epoch   20/  20, Step    38/   45, Loss = 0.01353221, PSNR = 18.68631267
[2023-05-21 03:23:27,885] Epoch   20/  20, Step    39/   45, Loss = 0.01950857, PSNR = 17.09774554
[2023-05-21 03:23:28,441] Epoch   20/  20, Step    40/   45, Loss = 0.00945731, PSNR = 20.24232430
[2023-05-21 03:23:29,024] Epoch   20/  20, Step    41/   45, Loss = 0.00939344, PSNR = 20.27175222
[2023-05-21 03:23:29,582] Epoch   20/  20, Step    42/   45, Loss = 0.00928527, PSNR = 20.32205539
[2023-05-21 03:23:30,138] Epoch   20/  20, Step    43/   45, Loss = 0.00639170, PSNR = 21.94383593
[2023-05-21 03:23:30,726] Epoch   20/  20, Step    44/   45, Loss = 0.02440831, PSNR = 16.12462344
[2023-05-21 03:23:31,365] Epoch   20/  20, Step    45/   45, Loss = 0.01716707, PSNR = 17.65303941
[2023-05-21 03:23:31,455] torch.cuda.memory_allocated: 0.155192GB
[2023-05-21 03:23:31,455] torch.cuda.memory_cached: 10.451172GB
[2023-05-21 03:23:31,456] AVG Epoch Loss = 0.01179657, AVG Epoch PSNR = 19.76514519
[2023-05-21 03:23:31,560] epoch20 saved!
[2023-05-21 03:23:31,561] finish training!
